Using pre-set license
Built from '2022.1/staging' branch; Version is '2022.1.16f1 (7321c9670bc2) revision 7545289'; Using compiler version '192829333'; Build Type 'Release'
OS: 'Windows 10  (10.0.19045) 64bit Education' Language: 'en' Physical Memory: 16309 MB
BatchMode: 1, IsHumanControllingUs: 0, StartBugReporterOnCrash: 0, Is64bit: 1, IsPro: 1

COMMAND LINE ARGUMENTS:
C:\Program Files\Unity 2022.1.16f1\Editor\Unity.exe
-adb2
-batchMode
-noUpm
-name
AssetImportWorker4
-projectPath
C:/Users/524139/Christmas Lego Game
-logFile
Logs/AssetImportWorker4.log
-srvPort
60519
Successfully changed project path to: C:/Users/524139/Christmas Lego Game
C:/Users/524139/Christmas Lego Game
[UnityMemory] Configuration Parameters - Can be set up in boot.config
    "memorysetup-bucket-allocator-granularity=16"
    "memorysetup-bucket-allocator-bucket-count=8"
    "memorysetup-bucket-allocator-block-size=33554432"
    "memorysetup-bucket-allocator-block-count=8"
    "memorysetup-main-allocator-block-size=16777216"
    "memorysetup-thread-allocator-block-size=16777216"
    "memorysetup-gfx-main-allocator-block-size=16777216"
    "memorysetup-gfx-thread-allocator-block-size=16777216"
    "memorysetup-cache-allocator-block-size=4194304"
    "memorysetup-typetree-allocator-block-size=2097152"
    "memorysetup-profiler-bucket-allocator-granularity=16"
    "memorysetup-profiler-bucket-allocator-bucket-count=8"
    "memorysetup-profiler-bucket-allocator-block-size=33554432"
    "memorysetup-profiler-bucket-allocator-block-count=8"
    "memorysetup-profiler-allocator-block-size=16777216"
    "memorysetup-profiler-editor-allocator-block-size=1048576"
    "memorysetup-temp-allocator-size-main=16777216"
    "memorysetup-job-temp-allocator-block-size=2097152"
    "memorysetup-job-temp-allocator-block-size-background=1048576"
    "memorysetup-job-temp-allocator-reduction-small-platforms=262144"
    "memorysetup-temp-allocator-size-background-worker=32768"
    "memorysetup-temp-allocator-size-job-worker=262144"
    "memorysetup-temp-allocator-size-preload-manager=33554432"
    "memorysetup-temp-allocator-size-nav-mesh-worker=65536"
    "memorysetup-temp-allocator-size-audio-worker=65536"
    "memorysetup-temp-allocator-size-cloud-worker=32768"
    "memorysetup-temp-allocator-size-gi-baking-worker=262144"
    "memorysetup-temp-allocator-size-gfx=262144"
Refreshing native plugins compatible for Editor in 156.48 ms, found 3 plugins.
Preloading 0 native plugins for Editor in 0.00 ms.
Initialize engine version: 2022.1.16f1 (7321c9670bc2)
[Subsystems] Discovering subsystems at path C:/Program Files/Unity 2022.1.16f1/Editor/Data/Resources/UnitySubsystems
[Subsystems] Discovering subsystems at path C:/Users/524139/Christmas Lego Game/Assets
GfxDevice: creating device client; threaded=0; jobified=0
Direct3D:
    Version:  Direct3D 11.0 [level 11.1]
    Renderer: NVIDIA GeForce GTX 1650 (ID=0x2188)
    Vendor:   NVIDIA
    VRAM:     3949 MB
    Driver:   31.0.15.3758
Initialize mono
Mono path[0] = 'C:/Program Files/Unity 2022.1.16f1/Editor/Data/Managed'
Mono path[1] = 'C:/Program Files/Unity 2022.1.16f1/Editor/Data/MonoBleedingEdge/lib/mono/unityjit-win32'
Mono config path = 'C:/Program Files/Unity 2022.1.16f1/Editor/Data/MonoBleedingEdge/etc'
Using monoOptions --debugger-agent=transport=dt_socket,embedding=1,server=y,suspend=n,address=127.0.0.1:56108
Begin MonoManager ReloadAssembly
Registering precompiled unity dll's ...
Register platform support module: C:/Program Files/Unity 2022.1.16f1/Editor/Data/PlaybackEngines/WebGLSupport/UnityEditor.WebGL.Extensions.dll
Register platform support module: C:/Program Files/Unity 2022.1.16f1/Editor/Data/PlaybackEngines/MacStandaloneSupport/UnityEditor.OSXStandalone.Extensions.dll
Register platform support module: C:/Program Files/Unity 2022.1.16f1/Editor/Data/PlaybackEngines/AndroidPlayer/UnityEditor.Android.Extensions.dll
Register platform support module: C:/Program Files/Unity 2022.1.16f1/Editor/Data/PlaybackEngines/iOSSupport/UnityEditor.iOS.Extensions.dll
Register platform support module: C:/Program Files/Unity 2022.1.16f1/Editor/Data/PlaybackEngines/AppleTVSupport/UnityEditor.AppleTV.Extensions.dll
Register platform support module: C:/Program Files/Unity 2022.1.16f1/Editor/Data/PlaybackEngines/WindowsStandaloneSupport/UnityEditor.WindowsStandalone.Extensions.dll
Register platform support module: C:/Program Files/Unity 2022.1.16f1/Editor/Data/PlaybackEngines/LinuxStandaloneSupport/UnityEditor.LinuxStandalone.Extensions.dll
Register platform support module: C:/Program Files/Unity 2022.1.16f1/Editor/Data/PlaybackEngines/MetroSupport/UnityEditor.UWP.Extensions.dll
Registered in 0.018185 seconds.
Native extension for UWP target not found
Native extension for LinuxStandalone target not found
Native extension for WindowsStandalone target not found
[usbmuxd] Start listen thread
[usbmuxd] Listen thread started
Native extension for AppleTV target not found
[usbmuxd] Start listen thread
[usbmuxd] Listen thread started
Native extension for iOS target not found
Native extension for Android target not found
Native extension for OSXStandalone target not found
Native extension for WebGL target not found
Refreshing native plugins compatible for Editor in 139.63 ms, found 3 plugins.
Preloading 0 native plugins for Editor in 0.00 ms.
Mono: successfully reloaded assembly
- Completed reload, in  1.469 seconds
Domain Reload Profiling:
	ReloadAssembly (1470ms)
		BeginReloadAssembly (95ms)
			ExecutionOrderSort (0ms)
			DisableScriptedObjects (0ms)
			BackupInstance (0ms)
			ReleaseScriptingObjects (0ms)
			CreateAndSetChildDomain (1ms)
		EndReloadAssembly (1032ms)
			LoadAssemblies (93ms)
			RebuildTransferFunctionScriptingTraits (0ms)
			SetupTypeCache (476ms)
				TypeCache.Initialize (475ms)
					TypeCache.ScanAssembly (474ms)
				ResolveRequiredComponents (1ms)
			ReleaseScriptCaches (0ms)
			RebuildScriptCaches (27ms)
			SetupLoadedEditorAssemblies (466ms)
				LogAssemblyErrors (0ms)
				InitializePlatformSupportModulesInManaged (173ms)
				SetLoadedEditorAssemblies (6ms)
				RefreshPlugins (140ms)
				BeforeProcessingInitializeOnLoad (1ms)
				ProcessInitializeOnLoadAttributes (97ms)
				ProcessInitializeOnLoadMethodAttributes (49ms)
				AfterProcessingInitializeOnLoad (0ms)
				EditorAssembliesLoaded (0ms)
			ExecutionOrderSort2 (0ms)
			AwakeInstancesAfterBackupRestoration (0ms)
Platform modules already initialized, skipping
Registering precompiled user dll's ...
Registered in 0.014900 seconds.
Begin MonoManager ReloadAssembly
Symbol file LoadedFromMemory doesn't match image C:\Users\524139\Christmas Lego Game\Library\PackageCache\com.unity.visualscripting@1.7.8\Editor\VisualScripting.Core\Dependencies\YamlDotNet\Unity.VisualScripting.YamlDotNet.dll
Symbol file LoadedFromMemory doesn't match image C:\Users\524139\Christmas Lego Game\Library\PackageCache\com.unity.visualscripting@1.7.8\Editor\VisualScripting.Core\Dependencies\DotNetZip\Unity.VisualScripting.IonicZip.dll
Native extension for UWP target not found
Native extension for LinuxStandalone target not found
Native extension for WindowsStandalone target not found
Native extension for AppleTV target not found
Native extension for iOS target not found
Native extension for Android target not found
Native extension for OSXStandalone target not found
Native extension for WebGL target not found
Refreshing native plugins compatible for Editor in 133.16 ms, found 3 plugins.
Preloading 0 native plugins for Editor in 0.00 ms.
Mono: successfully reloaded assembly
- Completed reload, in  1.652 seconds
Domain Reload Profiling:
	ReloadAssembly (1653ms)
		BeginReloadAssembly (127ms)
			ExecutionOrderSort (0ms)
			DisableScriptedObjects (7ms)
			BackupInstance (0ms)
			ReleaseScriptingObjects (0ms)
			CreateAndSetChildDomain (21ms)
		EndReloadAssembly (1401ms)
			LoadAssemblies (111ms)
			RebuildTransferFunctionScriptingTraits (0ms)
			SetupTypeCache (270ms)
				TypeCache.Initialize (258ms)
					TypeCache.ScanAssembly (253ms)
				ResolveRequiredComponents (12ms)
			ReleaseScriptCaches (1ms)
			RebuildScriptCaches (63ms)
			SetupLoadedEditorAssemblies (915ms)
				LogAssemblyErrors (0ms)
				InitializePlatformSupportModulesInManaged (34ms)
				SetLoadedEditorAssemblies (6ms)
				RefreshPlugins (133ms)
				BeforeProcessingInitializeOnLoad (132ms)
				ProcessInitializeOnLoadAttributes (526ms)
				ProcessInitializeOnLoadMethodAttributes (73ms)
				AfterProcessingInitializeOnLoad (11ms)
				EditorAssembliesLoaded (0ms)
			ExecutionOrderSort2 (0ms)
			AwakeInstancesAfterBackupRestoration (5ms)
Platform modules already initialized, skipping
========================================================================
Worker process is ready to serve import requests
Launched and connected shader compiler UnityShaderCompiler.exe after 0.12 seconds
Refreshing native plugins compatible for Editor in 1.64 ms, found 3 plugins.
Preloading 0 native plugins for Editor in 0.00 ms.
Unloading 5701 Unused Serialized files (Serialized files now loaded: 0)
Unloading 46 unused Assets / (421.7 KB). Loaded Objects now: 6156.
Memory consumption went from 0.88 GB to 0.88 GB.
Total: 5.979000 ms (FindLiveObjects: 0.604900 ms CreateObjectMapping: 0.533000 ms MarkObjects: 4.568300 ms  DeleteObjects: 0.271300 ms)

AssetImportParameters requested are different than current active one (requested -> active):
  custom:video-decoder-ogg-theora: a1e56fd34408186e4bbccfd4996cb3dc -> 
  custom:container-muxer-webm: aa71ff27fc2769a1b78a27578f13a17b -> 
  custom:container-demuxer-webm: 4f35f7cbe854078d1ac9338744f61a02 -> 
  custom:video-encoder-webm-vp8: eb34c28f22e8b96e1ab97ce403110664 -> 
  custom:audio-encoder-webm-vorbis: bf7c407c2cedff20999df2af8eb42d56 -> 
  custom:framework-win-MediaFoundation: 216162199b28c13a410421893ffa2e32 -> 
  custom:container-demuxer-ogg: 62fdf1f143b41e24485cea50d1cbac27 -> 
  custom:video-decoder-webm-vp8: 9c59270c3fd7afecdb556c50c9e8de78 -> 
  custom:audio-decoder-ogg-vorbis: bf7c407c2cedff20999df2af8eb42d56 -> 
========================================================================
Received Prepare
Registering precompiled user dll's ...
Registered in 0.014631 seconds.
Begin MonoManager ReloadAssembly
Symbol file LoadedFromMemory doesn't match image C:\Users\524139\Christmas Lego Game\Library\PackageCache\com.unity.visualscripting@1.7.8\Editor\VisualScripting.Core\Dependencies\YamlDotNet\Unity.VisualScripting.YamlDotNet.dll
Symbol file LoadedFromMemory doesn't match image C:\Users\524139\Christmas Lego Game\Library\PackageCache\com.unity.visualscripting@1.7.8\Editor\VisualScripting.Core\Dependencies\DotNetZip\Unity.VisualScripting.IonicZip.dll
Native extension for UWP target not found
Native extension for LinuxStandalone target not found
Native extension for WindowsStandalone target not found
Native extension for AppleTV target not found
Native extension for iOS target not found
Native extension for Android target not found
Native extension for OSXStandalone target not found
Native extension for WebGL target not found
Refreshing native plugins compatible for Editor in 1.47 ms, found 3 plugins.
Preloading 0 native plugins for Editor in 0.00 ms.
Mono: successfully reloaded assembly
- Completed reload, in  1.420 seconds
Domain Reload Profiling:
	ReloadAssembly (1420ms)
		BeginReloadAssembly (201ms)
			ExecutionOrderSort (0ms)
			DisableScriptedObjects (8ms)
			BackupInstance (0ms)
			ReleaseScriptingObjects (0ms)
			CreateAndSetChildDomain (79ms)
		EndReloadAssembly (1111ms)
			LoadAssemblies (126ms)
			RebuildTransferFunctionScriptingTraits (0ms)
			SetupTypeCache (304ms)
				TypeCache.Initialize (287ms)
					TypeCache.ScanAssembly (280ms)
				ResolveRequiredComponents (16ms)
			ReleaseScriptCaches (2ms)
			RebuildScriptCaches (51ms)
			SetupLoadedEditorAssemblies (575ms)
				LogAssemblyErrors (0ms)
				InitializePlatformSupportModulesInManaged (48ms)
				SetLoadedEditorAssemblies (5ms)
				RefreshPlugins (2ms)
				BeforeProcessingInitializeOnLoad (122ms)
				ProcessInitializeOnLoadAttributes (289ms)
				ProcessInitializeOnLoadMethodAttributes (94ms)
				AfterProcessingInitializeOnLoad (16ms)
				EditorAssembliesLoaded (0ms)
			ExecutionOrderSort2 (0ms)
			AwakeInstancesAfterBackupRestoration (10ms)
Platform modules already initialized, skipping
Refreshing native plugins compatible for Editor in 3.57 ms, found 3 plugins.
Preloading 0 native plugins for Editor in 0.00 ms.
Unloading 5563 Unused Serialized files (Serialized files now loaded: 0)
Unloading 27 unused Assets / (380.6 KB). Loaded Objects now: 6172.
Memory consumption went from 0.86 GB to 0.86 GB.
Total: 4.641700 ms (FindLiveObjects: 0.537300 ms CreateObjectMapping: 0.147900 ms MarkObjects: 3.821100 ms  DeleteObjects: 0.134200 ms)

AssetImportParameters requested are different than current active one (requested -> active):
  custom:video-decoder-ogg-theora: a1e56fd34408186e4bbccfd4996cb3dc -> 
  custom:container-muxer-webm: aa71ff27fc2769a1b78a27578f13a17b -> 
  custom:container-demuxer-webm: 4f35f7cbe854078d1ac9338744f61a02 -> 
  custom:video-encoder-webm-vp8: eb34c28f22e8b96e1ab97ce403110664 -> 
  custom:audio-encoder-webm-vorbis: bf7c407c2cedff20999df2af8eb42d56 -> 
  custom:framework-win-MediaFoundation: 216162199b28c13a410421893ffa2e32 -> 
  custom:container-demuxer-ogg: 62fdf1f143b41e24485cea50d1cbac27 -> 
  custom:video-decoder-webm-vp8: 9c59270c3fd7afecdb556c50c9e8de78 -> 
  custom:audio-decoder-ogg-vorbis: bf7c407c2cedff20999df2af8eb42d56 -> 
========================================================================
Received Prepare
Registering precompiled user dll's ...
Registered in 0.013780 seconds.
Begin MonoManager ReloadAssembly
Symbol file LoadedFromMemory doesn't match image C:\Users\524139\Christmas Lego Game\Library\PackageCache\com.unity.visualscripting@1.7.8\Editor\VisualScripting.Core\Dependencies\YamlDotNet\Unity.VisualScripting.YamlDotNet.dll
Symbol file LoadedFromMemory doesn't match image C:\Users\524139\Christmas Lego Game\Library\PackageCache\com.unity.visualscripting@1.7.8\Editor\VisualScripting.Core\Dependencies\DotNetZip\Unity.VisualScripting.IonicZip.dll
Native extension for UWP target not found
Native extension for LinuxStandalone target not found
Native extension for WindowsStandalone target not found
Native extension for AppleTV target not found
Native extension for iOS target not found
Native extension for Android target not found
Native extension for OSXStandalone target not found
Native extension for WebGL target not found
Refreshing native plugins compatible for Editor in 1.36 ms, found 3 plugins.
Preloading 0 native plugins for Editor in 0.00 ms.
Mono: successfully reloaded assembly
- Completed reload, in  1.316 seconds
Domain Reload Profiling:
	ReloadAssembly (1317ms)
		BeginReloadAssembly (148ms)
			ExecutionOrderSort (0ms)
			DisableScriptedObjects (5ms)
			BackupInstance (0ms)
			ReleaseScriptingObjects (0ms)
			CreateAndSetChildDomain (41ms)
		EndReloadAssembly (1065ms)
			LoadAssemblies (112ms)
			RebuildTransferFunctionScriptingTraits (0ms)
			SetupTypeCache (272ms)
				TypeCache.Initialize (259ms)
					TypeCache.ScanAssembly (253ms)
				ResolveRequiredComponents (12ms)
			ReleaseScriptCaches (2ms)
			RebuildScriptCaches (58ms)
			SetupLoadedEditorAssemblies (566ms)
				LogAssemblyErrors (0ms)
				InitializePlatformSupportModulesInManaged (45ms)
				SetLoadedEditorAssemblies (6ms)
				RefreshPlugins (1ms)
				BeforeProcessingInitializeOnLoad (116ms)
				ProcessInitializeOnLoadAttributes (302ms)
				ProcessInitializeOnLoadMethodAttributes (79ms)
				AfterProcessingInitializeOnLoad (17ms)
				EditorAssembliesLoaded (0ms)
			ExecutionOrderSort2 (0ms)
			AwakeInstancesAfterBackupRestoration (8ms)
Platform modules already initialized, skipping
Refreshing native plugins compatible for Editor in 3.03 ms, found 3 plugins.
Preloading 0 native plugins for Editor in 0.00 ms.
Unloading 5563 Unused Serialized files (Serialized files now loaded: 0)
Unloading 27 unused Assets / (380.6 KB). Loaded Objects now: 6188.
Memory consumption went from 0.86 GB to 0.86 GB.
Total: 4.078000 ms (FindLiveObjects: 0.517100 ms CreateObjectMapping: 0.202000 ms MarkObjects: 3.226400 ms  DeleteObjects: 0.131400 ms)

AssetImportParameters requested are different than current active one (requested -> active):
  custom:video-decoder-ogg-theora: a1e56fd34408186e4bbccfd4996cb3dc -> 
  custom:container-muxer-webm: aa71ff27fc2769a1b78a27578f13a17b -> 
  custom:container-demuxer-webm: 4f35f7cbe854078d1ac9338744f61a02 -> 
  custom:video-encoder-webm-vp8: eb34c28f22e8b96e1ab97ce403110664 -> 
  custom:audio-encoder-webm-vorbis: bf7c407c2cedff20999df2af8eb42d56 -> 
  custom:framework-win-MediaFoundation: 216162199b28c13a410421893ffa2e32 -> 
  custom:container-demuxer-ogg: 62fdf1f143b41e24485cea50d1cbac27 -> 
  custom:video-decoder-webm-vp8: 9c59270c3fd7afecdb556c50c9e8de78 -> 
  custom:audio-decoder-ogg-vorbis: bf7c407c2cedff20999df2af8eb42d56 -> 
========================================================================
Received Prepare
Registering precompiled user dll's ...
Registered in 0.015088 seconds.
Begin MonoManager ReloadAssembly
Symbol file LoadedFromMemory doesn't match image C:\Users\524139\Christmas Lego Game\Library\PackageCache\com.unity.visualscripting@1.7.8\Editor\VisualScripting.Core\Dependencies\YamlDotNet\Unity.VisualScripting.YamlDotNet.dll
Symbol file LoadedFromMemory doesn't match image C:\Users\524139\Christmas Lego Game\Library\PackageCache\com.unity.visualscripting@1.7.8\Editor\VisualScripting.Core\Dependencies\DotNetZip\Unity.VisualScripting.IonicZip.dll
Native extension for UWP target not found
Native extension for LinuxStandalone target not found
Native extension for WindowsStandalone target not found
Native extension for AppleTV target not found
Native extension for iOS target not found
Native extension for Android target not found
Native extension for OSXStandalone target not found
Native extension for WebGL target not found
Refreshing native plugins compatible for Editor in 2.12 ms, found 3 plugins.
Preloading 0 native plugins for Editor in 0.00 ms.
Mono: successfully reloaded assembly
- Completed reload, in  1.833 seconds
Domain Reload Profiling:
	ReloadAssembly (1834ms)
		BeginReloadAssembly (161ms)
			ExecutionOrderSort (0ms)
			DisableScriptedObjects (7ms)
			BackupInstance (0ms)
			ReleaseScriptingObjects (0ms)
			CreateAndSetChildDomain (46ms)
		EndReloadAssembly (1466ms)
			LoadAssemblies (118ms)
			RebuildTransferFunctionScriptingTraits (0ms)
			SetupTypeCache (547ms)
				TypeCache.Initialize (533ms)
					TypeCache.ScanAssembly (526ms)
				ResolveRequiredComponents (14ms)
			ReleaseScriptCaches (3ms)
			RebuildScriptCaches (57ms)
			SetupLoadedEditorAssemblies (671ms)
				LogAssemblyErrors (0ms)
				InitializePlatformSupportModulesInManaged (56ms)
				SetLoadedEditorAssemblies (6ms)
				RefreshPlugins (2ms)
				BeforeProcessingInitializeOnLoad (117ms)
				ProcessInitializeOnLoadAttributes (387ms)
				ProcessInitializeOnLoadMethodAttributes (85ms)
				AfterProcessingInitializeOnLoad (17ms)
				EditorAssembliesLoaded (0ms)
			ExecutionOrderSort2 (0ms)
			AwakeInstancesAfterBackupRestoration (10ms)
Platform modules already initialized, skipping
Refreshing native plugins compatible for Editor in 4.32 ms, found 3 plugins.
Preloading 0 native plugins for Editor in 0.00 ms.
Unloading 5563 Unused Serialized files (Serialized files now loaded: 0)
Unloading 27 unused Assets / (380.6 KB). Loaded Objects now: 6204.
Memory consumption went from 0.86 GB to 0.86 GB.
Total: 4.069200 ms (FindLiveObjects: 0.502400 ms CreateObjectMapping: 0.131500 ms MarkObjects: 3.319300 ms  DeleteObjects: 0.115100 ms)

AssetImportParameters requested are different than current active one (requested -> active):
  custom:video-decoder-ogg-theora: a1e56fd34408186e4bbccfd4996cb3dc -> 
  custom:container-muxer-webm: aa71ff27fc2769a1b78a27578f13a17b -> 
  custom:container-demuxer-webm: 4f35f7cbe854078d1ac9338744f61a02 -> 
  custom:video-encoder-webm-vp8: eb34c28f22e8b96e1ab97ce403110664 -> 
  custom:audio-encoder-webm-vorbis: bf7c407c2cedff20999df2af8eb42d56 -> 
  custom:framework-win-MediaFoundation: 216162199b28c13a410421893ffa2e32 -> 
  custom:container-demuxer-ogg: 62fdf1f143b41e24485cea50d1cbac27 -> 
  custom:video-decoder-webm-vp8: 9c59270c3fd7afecdb556c50c9e8de78 -> 
  custom:audio-decoder-ogg-vorbis: bf7c407c2cedff20999df2af8eb42d56 -> 
========================================================================
Received Prepare
Registering precompiled user dll's ...
Registered in 0.013397 seconds.
Begin MonoManager ReloadAssembly
Symbol file LoadedFromMemory doesn't match image C:\Users\524139\Christmas Lego Game\Library\PackageCache\com.unity.visualscripting@1.7.8\Editor\VisualScripting.Core\Dependencies\YamlDotNet\Unity.VisualScripting.YamlDotNet.dll
Symbol file LoadedFromMemory doesn't match image C:\Users\524139\Christmas Lego Game\Library\PackageCache\com.unity.visualscripting@1.7.8\Editor\VisualScripting.Core\Dependencies\DotNetZip\Unity.VisualScripting.IonicZip.dll
Native extension for UWP target not found
Native extension for LinuxStandalone target not found
Native extension for WindowsStandalone target not found
Native extension for AppleTV target not found
Native extension for iOS target not found
Native extension for Android target not found
Native extension for OSXStandalone target not found
Native extension for WebGL target not found
Refreshing native plugins compatible for Editor in 1.37 ms, found 3 plugins.
Preloading 0 native plugins for Editor in 0.00 ms.
Mono: successfully reloaded assembly
- Completed reload, in  1.262 seconds
Domain Reload Profiling:
	ReloadAssembly (1263ms)
		BeginReloadAssembly (140ms)
			ExecutionOrderSort (0ms)
			DisableScriptedObjects (5ms)
			BackupInstance (0ms)
			ReleaseScriptingObjects (0ms)
			CreateAndSetChildDomain (42ms)
		EndReloadAssembly (1017ms)
			LoadAssemblies (100ms)
			RebuildTransferFunctionScriptingTraits (0ms)
			SetupTypeCache (245ms)
				TypeCache.Initialize (233ms)
					TypeCache.ScanAssembly (227ms)
				ResolveRequiredComponents (12ms)
			ReleaseScriptCaches (2ms)
			RebuildScriptCaches (46ms)
			SetupLoadedEditorAssemblies (567ms)
				LogAssemblyErrors (0ms)
				InitializePlatformSupportModulesInManaged (39ms)
				SetLoadedEditorAssemblies (5ms)
				RefreshPlugins (1ms)
				BeforeProcessingInitializeOnLoad (110ms)
				ProcessInitializeOnLoadAttributes (308ms)
				ProcessInitializeOnLoadMethodAttributes (88ms)
				AfterProcessingInitializeOnLoad (15ms)
				EditorAssembliesLoaded (0ms)
			ExecutionOrderSort2 (0ms)
			AwakeInstancesAfterBackupRestoration (9ms)
Platform modules already initialized, skipping
Refreshing native plugins compatible for Editor in 4.50 ms, found 3 plugins.
Preloading 0 native plugins for Editor in 0.00 ms.
Unloading 5563 Unused Serialized files (Serialized files now loaded: 0)
Unloading 27 unused Assets / (380.6 KB). Loaded Objects now: 6220.
Memory consumption went from 0.86 GB to 0.86 GB.
Total: 4.199200 ms (FindLiveObjects: 0.561200 ms CreateObjectMapping: 0.150900 ms MarkObjects: 3.370900 ms  DeleteObjects: 0.115300 ms)

AssetImportParameters requested are different than current active one (requested -> active):
  custom:video-decoder-ogg-theora: a1e56fd34408186e4bbccfd4996cb3dc -> 
  custom:container-muxer-webm: aa71ff27fc2769a1b78a27578f13a17b -> 
  custom:container-demuxer-webm: 4f35f7cbe854078d1ac9338744f61a02 -> 
  custom:video-encoder-webm-vp8: eb34c28f22e8b96e1ab97ce403110664 -> 
  custom:audio-encoder-webm-vorbis: bf7c407c2cedff20999df2af8eb42d56 -> 
  custom:framework-win-MediaFoundation: 216162199b28c13a410421893ffa2e32 -> 
  custom:container-demuxer-ogg: 62fdf1f143b41e24485cea50d1cbac27 -> 
  custom:video-decoder-webm-vp8: 9c59270c3fd7afecdb556c50c9e8de78 -> 
  custom:audio-decoder-ogg-vorbis: bf7c407c2cedff20999df2af8eb42d56 -> 
========================================================================
Received Prepare
Registering precompiled user dll's ...
Registered in 0.014981 seconds.
Begin MonoManager ReloadAssembly
Symbol file LoadedFromMemory doesn't match image C:\Users\524139\Christmas Lego Game\Library\PackageCache\com.unity.visualscripting@1.7.8\Editor\VisualScripting.Core\Dependencies\YamlDotNet\Unity.VisualScripting.YamlDotNet.dll
Symbol file LoadedFromMemory doesn't match image C:\Users\524139\Christmas Lego Game\Library\PackageCache\com.unity.visualscripting@1.7.8\Editor\VisualScripting.Core\Dependencies\DotNetZip\Unity.VisualScripting.IonicZip.dll
Native extension for UWP target not found
Native extension for LinuxStandalone target not found
Native extension for WindowsStandalone target not found
Native extension for AppleTV target not found
Native extension for iOS target not found
Native extension for Android target not found
Native extension for OSXStandalone target not found
Native extension for WebGL target not found
Refreshing native plugins compatible for Editor in 1.25 ms, found 3 plugins.
Preloading 0 native plugins for Editor in 0.00 ms.
Mono: successfully reloaded assembly
- Completed reload, in  1.258 seconds
Domain Reload Profiling:
	ReloadAssembly (1259ms)
		BeginReloadAssembly (153ms)
			ExecutionOrderSort (0ms)
			DisableScriptedObjects (5ms)
			BackupInstance (0ms)
			ReleaseScriptingObjects (0ms)
			CreateAndSetChildDomain (44ms)
		EndReloadAssembly (1008ms)
			LoadAssemblies (110ms)
			RebuildTransferFunctionScriptingTraits (0ms)
			SetupTypeCache (254ms)
				TypeCache.Initialize (242ms)
					TypeCache.ScanAssembly (236ms)
				ResolveRequiredComponents (12ms)
			ReleaseScriptCaches (3ms)
			RebuildScriptCaches (51ms)
			SetupLoadedEditorAssemblies (545ms)
				LogAssemblyErrors (0ms)
				InitializePlatformSupportModulesInManaged (44ms)
				SetLoadedEditorAssemblies (7ms)
				RefreshPlugins (1ms)
				BeforeProcessingInitializeOnLoad (104ms)
				ProcessInitializeOnLoadAttributes (294ms)
				ProcessInitializeOnLoadMethodAttributes (80ms)
				AfterProcessingInitializeOnLoad (15ms)
				EditorAssembliesLoaded (0ms)
			ExecutionOrderSort2 (0ms)
			AwakeInstancesAfterBackupRestoration (8ms)
Platform modules already initialized, skipping
Refreshing native plugins compatible for Editor in 3.83 ms, found 3 plugins.
Preloading 0 native plugins for Editor in 0.00 ms.
Unloading 5563 Unused Serialized files (Serialized files now loaded: 0)
Unloading 27 unused Assets / (380.6 KB). Loaded Objects now: 6236.
Memory consumption went from 0.86 GB to 0.86 GB.
Total: 4.337500 ms (FindLiveObjects: 0.587900 ms CreateObjectMapping: 0.160800 ms MarkObjects: 3.482000 ms  DeleteObjects: 0.105800 ms)

AssetImportParameters requested are different than current active one (requested -> active):
  custom:video-decoder-ogg-theora: a1e56fd34408186e4bbccfd4996cb3dc -> 
  custom:container-muxer-webm: aa71ff27fc2769a1b78a27578f13a17b -> 
  custom:container-demuxer-webm: 4f35f7cbe854078d1ac9338744f61a02 -> 
  custom:video-encoder-webm-vp8: eb34c28f22e8b96e1ab97ce403110664 -> 
  custom:audio-encoder-webm-vorbis: bf7c407c2cedff20999df2af8eb42d56 -> 
  custom:framework-win-MediaFoundation: 216162199b28c13a410421893ffa2e32 -> 
  custom:container-demuxer-ogg: 62fdf1f143b41e24485cea50d1cbac27 -> 
  custom:video-decoder-webm-vp8: 9c59270c3fd7afecdb556c50c9e8de78 -> 
  custom:audio-decoder-ogg-vorbis: bf7c407c2cedff20999df2af8eb42d56 -> 
========================================================================
Received Import Request.
  Time since last request: 789329.948885 seconds.
  path: Assets/Reindear racing.blend
  artifactKey: Guid(b6d2ba839cb60fb459662b0f1bbcb9de) Importer(815301076,1909f56bfc062723c751e8b465ee728b)
Start importing Assets/Reindear racing.blend using Guid(b6d2ba839cb60fb459662b0f1bbcb9de) Importer(815301076,1909f56bfc062723c751e8b465ee728b)  -> (artifact id: '1d2b602f37b7df4347240ee5f4c9a853') in 1.373658 seconds 
========================================================================
Received Prepare
Registering precompiled user dll's ...
Registered in 0.015092 seconds.
Begin MonoManager ReloadAssembly
Symbol file LoadedFromMemory doesn't match image C:\Users\524139\Christmas Lego Game\Library\PackageCache\com.unity.visualscripting@1.7.8\Editor\VisualScripting.Core\Dependencies\YamlDotNet\Unity.VisualScripting.YamlDotNet.dll
Symbol file LoadedFromMemory doesn't match image C:\Users\524139\Christmas Lego Game\Library\PackageCache\com.unity.visualscripting@1.7.8\Editor\VisualScripting.Core\Dependencies\DotNetZip\Unity.VisualScripting.IonicZip.dll
Native extension for UWP target not found
Native extension for LinuxStandalone target not found
Native extension for WindowsStandalone target not found
Native extension for AppleTV target not found
Native extension for iOS target not found
Native extension for Android target not found
Native extension for OSXStandalone target not found
Native extension for WebGL target not found
Refreshing native plugins compatible for Editor in 2.29 ms, found 3 plugins.
Preloading 0 native plugins for Editor in 0.00 ms.
Mono: successfully reloaded assembly
- Completed reload, in  2.100 seconds
Domain Reload Profiling:
	ReloadAssembly (2101ms)
		BeginReloadAssembly (189ms)
			ExecutionOrderSort (0ms)
			DisableScriptedObjects (7ms)
			BackupInstance (0ms)
			ReleaseScriptingObjects (0ms)
			CreateAndSetChildDomain (68ms)
		EndReloadAssembly (1687ms)
			LoadAssemblies (127ms)
			RebuildTransferFunctionScriptingTraits (0ms)
			SetupTypeCache (643ms)
				TypeCache.Initialize (626ms)
					TypeCache.ScanAssembly (618ms)
				ResolveRequiredComponents (17ms)
			ReleaseScriptCaches (3ms)
			RebuildScriptCaches (62ms)
			SetupLoadedEditorAssemblies (747ms)
				LogAssemblyErrors (0ms)
				InitializePlatformSupportModulesInManaged (54ms)
				SetLoadedEditorAssemblies (8ms)
				RefreshPlugins (2ms)
				BeforeProcessingInitializeOnLoad (124ms)
				ProcessInitializeOnLoadAttributes (447ms)
				ProcessInitializeOnLoadMethodAttributes (94ms)
				AfterProcessingInitializeOnLoad (17ms)
				EditorAssembliesLoaded (0ms)
			ExecutionOrderSort2 (0ms)
			AwakeInstancesAfterBackupRestoration (15ms)
Platform modules already initialized, skipping
Refreshing native plugins compatible for Editor in 3.57 ms, found 3 plugins.
Preloading 0 native plugins for Editor in 0.00 ms.
Unloading 5563 Unused Serialized files (Serialized files now loaded: 0)
Unloading 27 unused Assets / (380.6 KB). Loaded Objects now: 6337.
Memory consumption went from 0.87 GB to 0.87 GB.
Total: 4.439900 ms (FindLiveObjects: 0.568200 ms CreateObjectMapping: 0.138800 ms MarkObjects: 3.614500 ms  DeleteObjects: 0.117300 ms)

AssetImportParameters requested are different than current active one (requested -> active):
  custom:video-decoder-ogg-theora: a1e56fd34408186e4bbccfd4996cb3dc -> 
  custom:container-muxer-webm: aa71ff27fc2769a1b78a27578f13a17b -> 
  custom:container-demuxer-webm: 4f35f7cbe854078d1ac9338744f61a02 -> 
  custom:video-encoder-webm-vp8: eb34c28f22e8b96e1ab97ce403110664 -> 
  custom:audio-encoder-webm-vorbis: bf7c407c2cedff20999df2af8eb42d56 -> 
  custom:framework-win-MediaFoundation: 216162199b28c13a410421893ffa2e32 -> 
  custom:container-demuxer-ogg: 62fdf1f143b41e24485cea50d1cbac27 -> 
  custom:video-decoder-webm-vp8: 9c59270c3fd7afecdb556c50c9e8de78 -> 
  custom:audio-decoder-ogg-vorbis: bf7c407c2cedff20999df2af8eb42d56 -> 
========================================================================
Received Prepare
Registering precompiled user dll's ...
Registered in 0.014522 seconds.
Begin MonoManager ReloadAssembly
Symbol file LoadedFromMemory doesn't match image C:\Users\524139\Christmas Lego Game\Library\PackageCache\com.unity.visualscripting@1.7.8\Editor\VisualScripting.Core\Dependencies\YamlDotNet\Unity.VisualScripting.YamlDotNet.dll
Symbol file LoadedFromMemory doesn't match image C:\Users\524139\Christmas Lego Game\Library\PackageCache\com.unity.visualscripting@1.7.8\Editor\VisualScripting.Core\Dependencies\DotNetZip\Unity.VisualScripting.IonicZip.dll
Native extension for UWP target not found
Native extension for LinuxStandalone target not found
Native extension for WindowsStandalone target not found
Native extension for AppleTV target not found
Native extension for iOS target not found
Native extension for Android target not found
Native extension for OSXStandalone target not found
Native extension for WebGL target not found
Refreshing native plugins compatible for Editor in 1.89 ms, found 3 plugins.
Preloading 0 native plugins for Editor in 0.00 ms.
Mono: successfully reloaded assembly
- Completed reload, in  4.563 seconds
Domain Reload Profiling:
	ReloadAssembly (4565ms)
		BeginReloadAssembly (2664ms)
			ExecutionOrderSort (0ms)
			DisableScriptedObjects (24ms)
			BackupInstance (0ms)
			ReleaseScriptingObjects (0ms)
			CreateAndSetChildDomain (118ms)
		EndReloadAssembly (1660ms)
			LoadAssemblies (2470ms)
			RebuildTransferFunctionScriptingTraits (0ms)
			SetupTypeCache (623ms)
				TypeCache.Initialize (606ms)
					TypeCache.ScanAssembly (598ms)
				ResolveRequiredComponents (17ms)
			ReleaseScriptCaches (3ms)
			RebuildScriptCaches (65ms)
			SetupLoadedEditorAssemblies (740ms)
				LogAssemblyErrors (0ms)
				InitializePlatformSupportModulesInManaged (51ms)
				SetLoadedEditorAssemblies (6ms)
				RefreshPlugins (2ms)
				BeforeProcessingInitializeOnLoad (137ms)
				ProcessInitializeOnLoadAttributes (427ms)
				ProcessInitializeOnLoadMethodAttributes (98ms)
				AfterProcessingInitializeOnLoad (18ms)
				EditorAssembliesLoaded (0ms)
			ExecutionOrderSort2 (0ms)
			AwakeInstancesAfterBackupRestoration (14ms)
Platform modules already initialized, skipping
Refreshing native plugins compatible for Editor in 4.29 ms, found 3 plugins.
Preloading 0 native plugins for Editor in 0.00 ms.
Unloading 5563 Unused Serialized files (Serialized files now loaded: 0)
Unloading 27 unused Assets / (380.6 KB). Loaded Objects now: 6353.
Memory consumption went from 0.87 GB to 0.87 GB.
Total: 5.567000 ms (FindLiveObjects: 0.595000 ms CreateObjectMapping: 0.170000 ms MarkObjects: 4.636700 ms  DeleteObjects: 0.164100 ms)

AssetImportParameters requested are different than current active one (requested -> active):
  custom:video-decoder-ogg-theora: a1e56fd34408186e4bbccfd4996cb3dc -> 
  custom:container-muxer-webm: aa71ff27fc2769a1b78a27578f13a17b -> 
  custom:container-demuxer-webm: 4f35f7cbe854078d1ac9338744f61a02 -> 
  custom:video-encoder-webm-vp8: eb34c28f22e8b96e1ab97ce403110664 -> 
  custom:audio-encoder-webm-vorbis: bf7c407c2cedff20999df2af8eb42d56 -> 
  custom:framework-win-MediaFoundation: 216162199b28c13a410421893ffa2e32 -> 
  custom:container-demuxer-ogg: 62fdf1f143b41e24485cea50d1cbac27 -> 
  custom:video-decoder-webm-vp8: 9c59270c3fd7afecdb556c50c9e8de78 -> 
  custom:audio-decoder-ogg-vorbis: bf7c407c2cedff20999df2af8eb42d56 -> 
========================================================================
Received Prepare
Registering precompiled user dll's ...
Registered in 0.015067 seconds.
Begin MonoManager ReloadAssembly
Symbol file LoadedFromMemory doesn't match image C:\Users\524139\Christmas Lego Game\Library\PackageCache\com.unity.visualscripting@1.7.8\Editor\VisualScripting.Core\Dependencies\YamlDotNet\Unity.VisualScripting.YamlDotNet.dll
Symbol file LoadedFromMemory doesn't match image C:\Users\524139\Christmas Lego Game\Library\PackageCache\com.unity.visualscripting@1.7.8\Editor\VisualScripting.Core\Dependencies\DotNetZip\Unity.VisualScripting.IonicZip.dll
Native extension for UWP target not found
Native extension for LinuxStandalone target not found
Native extension for WindowsStandalone target not found
Native extension for AppleTV target not found
Native extension for iOS target not found
Native extension for Android target not found
Native extension for OSXStandalone target not found
Native extension for WebGL target not found
Refreshing native plugins compatible for Editor in 1.65 ms, found 3 plugins.
Preloading 0 native plugins for Editor in 0.00 ms.
Mono: successfully reloaded assembly
- Completed reload, in  1.923 seconds
Domain Reload Profiling:
	ReloadAssembly (1924ms)
		BeginReloadAssembly (165ms)
			ExecutionOrderSort (0ms)
			DisableScriptedObjects (5ms)
			BackupInstance (0ms)
			ReleaseScriptingObjects (0ms)
			CreateAndSetChildDomain (50ms)
		EndReloadAssembly (1538ms)
			LoadAssemblies (126ms)
			RebuildTransferFunctionScriptingTraits (0ms)
			SetupTypeCache (553ms)
				TypeCache.Initialize (540ms)
					TypeCache.ScanAssembly (532ms)
				ResolveRequiredComponents (14ms)
			ReleaseScriptCaches (3ms)
			RebuildScriptCaches (68ms)
			SetupLoadedEditorAssemblies (694ms)
				LogAssemblyErrors (0ms)
				InitializePlatformSupportModulesInManaged (56ms)
				SetLoadedEditorAssemblies (8ms)
				RefreshPlugins (2ms)
				BeforeProcessingInitializeOnLoad (118ms)
				ProcessInitializeOnLoadAttributes (404ms)
				ProcessInitializeOnLoadMethodAttributes (90ms)
				AfterProcessingInitializeOnLoad (16ms)
				EditorAssembliesLoaded (0ms)
			ExecutionOrderSort2 (0ms)
			AwakeInstancesAfterBackupRestoration (12ms)
Platform modules already initialized, skipping
Refreshing native plugins compatible for Editor in 3.74 ms, found 3 plugins.
Preloading 0 native plugins for Editor in 0.00 ms.
Unloading 5563 Unused Serialized files (Serialized files now loaded: 0)
Unloading 27 unused Assets / (380.5 KB). Loaded Objects now: 6369.
Memory consumption went from 0.87 GB to 0.87 GB.
Total: 4.430300 ms (FindLiveObjects: 0.568200 ms CreateObjectMapping: 0.155800 ms MarkObjects: 3.530800 ms  DeleteObjects: 0.173600 ms)

AssetImportParameters requested are different than current active one (requested -> active):
  custom:video-decoder-ogg-theora: a1e56fd34408186e4bbccfd4996cb3dc -> 
  custom:container-muxer-webm: aa71ff27fc2769a1b78a27578f13a17b -> 
  custom:container-demuxer-webm: 4f35f7cbe854078d1ac9338744f61a02 -> 
  custom:video-encoder-webm-vp8: eb34c28f22e8b96e1ab97ce403110664 -> 
  custom:audio-encoder-webm-vorbis: bf7c407c2cedff20999df2af8eb42d56 -> 
  custom:framework-win-MediaFoundation: 216162199b28c13a410421893ffa2e32 -> 
  custom:container-demuxer-ogg: 62fdf1f143b41e24485cea50d1cbac27 -> 
  custom:video-decoder-webm-vp8: 9c59270c3fd7afecdb556c50c9e8de78 -> 
  custom:audio-decoder-ogg-vorbis: bf7c407c2cedff20999df2af8eb42d56 -> 
========================================================================
Received Import Request.
  Time since last request: 4699.991531 seconds.
  path: Assets/AddOns/MgLEGO Gingerbricks Revenge/Scenes
  artifactKey: Guid(3f03d29d09b71c6499b35406edd0ca03) Importer(815301076,1909f56bfc062723c751e8b465ee728b)
Start importing Assets/AddOns/MgLEGO Gingerbricks Revenge/Scenes using Guid(3f03d29d09b71c6499b35406edd0ca03) Importer(815301076,1909f56bfc062723c751e8b465ee728b)  -> (artifact id: 'c825c5f89913cfcd40a18881cf5ec832') in 0.021734 seconds 
========================================================================
Received Import Request.
  Time since last request: 1.306896 seconds.
  path: Assets/AddOns/MgLEGO Gingerbricks Revenge/Scenes/Gingerbricks Revenge.unity
  artifactKey: Guid(a1ddbf0aec830774b950c2f65ef2a1c0) Importer(815301076,1909f56bfc062723c751e8b465ee728b)
Start importing Assets/AddOns/MgLEGO Gingerbricks Revenge/Scenes/Gingerbricks Revenge.unity using Guid(a1ddbf0aec830774b950c2f65ef2a1c0) Importer(815301076,1909f56bfc062723c751e8b465ee728b)  -> (artifact id: '79b70d71bf28c55591def2a65be9bbda') in 0.011115 seconds 
========================================================================
Received Import Request.
  Time since last request: 24.309342 seconds.
  path: Assets/Scenes/SampleScene.unity
  artifactKey: Guid(99c9720ab356a0642a771bea13969a05) Importer(815301076,1909f56bfc062723c751e8b465ee728b)
Start importing Assets/Scenes/SampleScene.unity using Guid(99c9720ab356a0642a771bea13969a05) Importer(815301076,1909f56bfc062723c751e8b465ee728b)  -> (artifact id: 'bc298480fe17a4d6917f8f6b6551e5df') in 0.011317 seconds 
========================================================================
Received Import Request.
  Time since last request: 46.354541 seconds.
  path: Assets/LEGO/Tutorials/Images/1_gettingStarted.png
  artifactKey: Guid(5e302b4ffcdff4c1f8abae277fa3a218) Importer(815301076,1909f56bfc062723c751e8b465ee728b)
Start importing Assets/LEGO/Tutorials/Images/1_gettingStarted.png using Guid(5e302b4ffcdff4c1f8abae277fa3a218) Importer(815301076,1909f56bfc062723c751e8b465ee728b)  -> (artifact id: '80f7c53c519a25bde819b380bdf34b94') in 0.238181 seconds 
========================================================================
Received Import Request.
  Time since last request: 0.000038 seconds.
  path: Assets/LEGO Data/Materials/Bodies/Arm_Main_LightRoyalBlue.mat
  artifactKey: Guid(6c4613207a0d443a8aadebacb7b65cb3) Importer(815301076,1909f56bfc062723c751e8b465ee728b)
Start importing Assets/LEGO Data/Materials/Bodies/Arm_Main_LightRoyalBlue.mat using Guid(6c4613207a0d443a8aadebacb7b65cb3) Importer(815301076,1909f56bfc062723c751e8b465ee728b)  -> (artifact id: '1277cdb49a1d01ac81f11dedfb7fff62') in 0.352830 seconds 
========================================================================
Received Import Request.
  Time since last request: 0.000035 seconds.
  path: Assets/LEGO/Tutorials/6 Customize/drag-explode-brick.mov
  artifactKey: Guid(909cdd4613d5549ea8a4a7b0908e470c) Importer(815301076,1909f56bfc062723c751e8b465ee728b)
Start importing Assets/LEGO/Tutorials/6 Customize/drag-explode-brick.mov using Guid(909cdd4613d5549ea8a4a7b0908e470c) Importer(815301076,1909f56bfc062723c751e8b465ee728b)  -> (artifact id: '7c766b10522b4a841ab75723480504da') in 0.014469 seconds 
========================================================================
Received Import Request.
  Time since last request: 0.000030 seconds.
  path: Assets/LEGO/Materials/Environment/Day Fog.mat
  artifactKey: Guid(8653923df740d704c9cbccac8ca81959) Importer(815301076,1909f56bfc062723c751e8b465ee728b)
Start importing Assets/LEGO/Materials/Environment/Day Fog.mat using Guid(8653923df740d704c9cbccac8ca81959) Importer(815301076,1909f56bfc062723c751e8b465ee728b)  -> (artifact id: '5c0a0add713d41430c56f11e5fade9f7') in 0.021364 seconds 
========================================================================
Received Import Request.
  Time since last request: 0.000029 seconds.
  path: Assets/AddOns/MgLEGO Gingerbricks Revenge/Prefabs/LEGO Models/Environment/Broken Sleigh.prefab
  artifactKey: Guid(cf1d40a997d7d824d930c6a8469cadd4) Importer(815301076,1909f56bfc062723c751e8b465ee728b)
Start importing Assets/AddOns/MgLEGO Gingerbricks Revenge/Prefabs/LEGO Models/Environment/Broken Sleigh.prefab using Guid(cf1d40a997d7d824d930c6a8469cadd4) Importer(815301076,1909f56bfc062723c751e8b465ee728b)  -> (artifact id: '8b2b1c6cee9eb48a2fe8d526b21962e2') in 1.656568 seconds 
========================================================================
Received Import Request.
  Time since last request: 0.000044 seconds.
  path: Assets/AddOns/MgLEGO Santas Brickshop/Prefabs/LEGO Models/Santa Essentials/Candy Cane Large.prefab
  artifactKey: Guid(3885e0739540b494f9bfaaab1f9d9fd4) Importer(815301076,1909f56bfc062723c751e8b465ee728b)
Start importing Assets/AddOns/MgLEGO Santas Brickshop/Prefabs/LEGO Models/Santa Essentials/Candy Cane Large.prefab using Guid(3885e0739540b494f9bfaaab1f9d9fd4) Importer(815301076,1909f56bfc062723c751e8b465ee728b)  -> (artifact id: '09562044dacdbd0d5d210132c66397b5') in 0.076034 seconds 
========================================================================
Received Import Request.
  Time since last request: 0.000056 seconds.
  path: Assets/LEGO/Textures/UI/Background With Outline.png
  artifactKey: Guid(8e269321367fd406689f571c32a0e9c0) Importer(815301076,1909f56bfc062723c751e8b465ee728b)
Start importing Assets/LEGO/Textures/UI/Background With Outline.png using Guid(8e269321367fd406689f571c32a0e9c0) Importer(815301076,1909f56bfc062723c751e8b465ee728b)  -> (artifact id: '62e72ed089eef7e30334486f6367a53d') in 0.031160 seconds 
========================================================================
Received Import Request.
  Time since last request: 0.000036 seconds.
  path: Assets/LEGO/Tutorials/1 Get Started/1_running.mp4
  artifactKey: Guid(62d27a8aca1c14879bb1085914c42111) Importer(815301076,1909f56bfc062723c751e8b465ee728b)
Start importing Assets/LEGO/Tutorials/1 Get Started/1_running.mp4 using Guid(62d27a8aca1c14879bb1085914c42111) Importer(815301076,1909f56bfc062723c751e8b465ee728b)  -> (artifact id: 'cc1ab390e35069b575c1478a96e1b034') in 0.013520 seconds 
========================================================================
Received Import Request.
  Time since last request: 0.000030 seconds.
  path: Assets/LEGO/Prefabs/LEGO Models/Characters/Golem.prefab
  artifactKey: Guid(e9a8254f33877477c91a2eb9da7d3049) Importer(815301076,1909f56bfc062723c751e8b465ee728b)
Start importing Assets/LEGO/Prefabs/LEGO Models/Characters/Golem.prefab using Guid(e9a8254f33877477c91a2eb9da7d3049) Importer(815301076,1909f56bfc062723c751e8b465ee728b)  -> (artifact id: 'c10949f4e9961c69a72c4ea798f699c7') in 1.155134 seconds 
========================================================================
Received Import Request.
  Time since last request: 0.000037 seconds.
  path: Assets/AddOns/MgLEGO Gingerbricks Revenge/Textures/Decorations/Gingerbreadville Sign.png
  artifactKey: Guid(717e0388759fce54aa7f1ad54d21a821) Importer(815301076,1909f56bfc062723c751e8b465ee728b)
Start importing Assets/AddOns/MgLEGO Gingerbricks Revenge/Textures/Decorations/Gingerbreadville Sign.png using Guid(717e0388759fce54aa7f1ad54d21a821) Importer(815301076,1909f56bfc062723c751e8b465ee728b)  -> (artifact id: 'f5f146b05ee7c5e8867822eceedc9095') in 0.021204 seconds 
========================================================================
Received Import Request.
  Time since last request: 0.000040 seconds.
  path: Assets/LEGO/Materials/Environment/Grid.mat
  artifactKey: Guid(e853b4fad94da4328bb41a083b716cf1) Importer(815301076,1909f56bfc062723c751e8b465ee728b)
Start importing Assets/LEGO/Materials/Environment/Grid.mat using Guid(e853b4fad94da4328bb41a083b716cf1) Importer(815301076,1909f56bfc062723c751e8b465ee728b)  -> (artifact id: '3124da7d5e562d5e21037fe7cde9c898') in 1.480516 seconds 
========================================================================
Received Import Request.
  Time since last request: 0.120385 seconds.
  path: Assets/AddOns/MgLEGO Gingerbricks Revenge/Materials/Characters/m68778_Nougat_N.mat
  artifactKey: Guid(f46498da860ce444ab4149389dec391f) Importer(815301076,1909f56bfc062723c751e8b465ee728b)
Start importing Assets/AddOns/MgLEGO Gingerbricks Revenge/Materials/Characters/m68778_Nougat_N.mat using Guid(f46498da860ce444ab4149389dec391f) Importer(815301076,1909f56bfc062723c751e8b465ee728b)  -> (artifact id: 'b81b2001deb23689775a705e20d720ca') in 0.054905 seconds 
========================================================================
Received Import Request.
  Time since last request: 0.000034 seconds.
  path: Assets/AddOns/MgLEGO Gingerbricks Revenge/Animations/Riding Santa/Minifigure@RidingGallop.fbx
  artifactKey: Guid(78a6af355c6ac4b4c91f75c556bdde69) Importer(815301076,1909f56bfc062723c751e8b465ee728b)
Start importing Assets/AddOns/MgLEGO Gingerbricks Revenge/Animations/Riding Santa/Minifigure@RidingGallop.fbx using Guid(78a6af355c6ac4b4c91f75c556bdde69) Importer(815301076,1909f56bfc062723c751e8b465ee728b)  -> (artifact id: 'f34a5502751e65a12da1bdbedbc6729f') in 0.033749 seconds 
========================================================================
Received Import Request.
  Time since last request: 0.000026 seconds.
  path: Assets/LEGO/Tutorials/Images/SuperchargeYourGame.png
  artifactKey: Guid(eabc991d377bb244db4dba9be1e0a5f2) Importer(815301076,1909f56bfc062723c751e8b465ee728b)
Start importing Assets/LEGO/Tutorials/Images/SuperchargeYourGame.png using Guid(eabc991d377bb244db4dba9be1e0a5f2) Importer(815301076,1909f56bfc062723c751e8b465ee728b)  -> (artifact id: '5e16d529da4242b76e999dbb10aa2dec') in 0.018155 seconds 
========================================================================
Received Import Request.
  Time since last request: 0.000036 seconds.
  path: Assets/AddOns/MgLEGO Gingerbricks Revenge/Animations/Reindeer/Reindeer@Gallop.fbx
  artifactKey: Guid(c9401edd3267da442b6b82e44d08448e) Importer(815301076,1909f56bfc062723c751e8b465ee728b)
Start importing Assets/AddOns/MgLEGO Gingerbricks Revenge/Animations/Reindeer/Reindeer@Gallop.fbx using Guid(c9401edd3267da442b6b82e44d08448e) Importer(815301076,1909f56bfc062723c751e8b465ee728b)  -> (artifact id: '8164df72c14d67248d16e407b25b070d') in 0.018038 seconds 
========================================================================
Received Import Request.
  Time since last request: 0.000055 seconds.
  path: Assets/LEGO/Models/Minifig.fbx
  artifactKey: Guid(81c090246952449b7afa82f80664fc4d) Importer(815301076,1909f56bfc062723c751e8b465ee728b)
Start importing Assets/LEGO/Models/Minifig.fbx using Guid(81c090246952449b7afa82f80664fc4d) Importer(815301076,1909f56bfc062723c751e8b465ee728b)  -> (artifact id: 'a04edc6bddf87ca3628affeea58185d3') in 0.213000 seconds 
========================================================================
Received Import Request.
  Time since last request: 0.000032 seconds.
  path: Assets/LEGO/Animations/Minifig@LookingAround.fbx
  artifactKey: Guid(bc6ac262a5fbd4bf4bb79c8d6dcf5cf4) Importer(815301076,1909f56bfc062723c751e8b465ee728b)
Start importing Assets/LEGO/Animations/Minifig@LookingAround.fbx using Guid(bc6ac262a5fbd4bf4bb79c8d6dcf5cf4) Importer(815301076,1909f56bfc062723c751e8b465ee728b)  -> (artifact id: '222e54ac4bc5fd59cf07bd4564901d8a') in 0.022924 seconds 
========================================================================
Received Import Request.
  Time since last request: 0.000052 seconds.
  path: Assets/LEGO/Tutorials/2 Obstacle/Obstacle 10.asset
  artifactKey: Guid(a606c510bbc3fe4458c056edb5280c69) Importer(815301076,1909f56bfc062723c751e8b465ee728b)
Start importing Assets/LEGO/Tutorials/2 Obstacle/Obstacle 10.asset using Guid(a606c510bbc3fe4458c056edb5280c69) Importer(815301076,1909f56bfc062723c751e8b465ee728b)  -> (artifact id: '8b85f11da8e761befcc2fd9c2b49904d') in 0.803598 seconds 
========================================================================
Received Import Request.
  Time since last request: 0.000039 seconds.
  path: Assets/LEGO/Scripts/Gameplay/Unity.LEGO.Gameplay.asmdef
  artifactKey: Guid(a88d161c1c9ad3e41974dd6d32e0402e) Importer(815301076,1909f56bfc062723c751e8b465ee728b)
Start importing Assets/LEGO/Scripts/Gameplay/Unity.LEGO.Gameplay.asmdef using Guid(a88d161c1c9ad3e41974dd6d32e0402e) Importer(815301076,1909f56bfc062723c751e8b465ee728b)  -> (artifact id: '7d851d7e521bd140daced8ff6bef63f4') in 0.011421 seconds 
========================================================================
Received Import Request.
  Time since last request: 0.000039 seconds.
  path: Assets/LEGO/Tutorials/1 Get Started/WT-Select-Gameobject.mov
  artifactKey: Guid(79dadb0d7a0c143db8700a2c64e462c8) Importer(815301076,1909f56bfc062723c751e8b465ee728b)
Start importing Assets/LEGO/Tutorials/1 Get Started/WT-Select-Gameobject.mov using Guid(79dadb0d7a0c143db8700a2c64e462c8) Importer(815301076,1909f56bfc062723c751e8b465ee728b)  -> (artifact id: 'ac7cfd6dd9bb258f84d19576b2ec33a3') in 0.011718 seconds 
========================================================================
Received Import Request.
  Time since last request: 0.000028 seconds.
  path: Assets/LEGO/Tutorials/6 Customize/Customize 25.asset
  artifactKey: Guid(a83f37ac4e0a1104eb3b34d367450de5) Importer(815301076,1909f56bfc062723c751e8b465ee728b)
Start importing Assets/LEGO/Tutorials/6 Customize/Customize 25.asset using Guid(a83f37ac4e0a1104eb3b34d367450de5) Importer(815301076,1909f56bfc062723c751e8b465ee728b)  -> (artifact id: 'dc70d0de08dbc6ad974996353c439862') in 0.395802 seconds 
========================================================================
Received Import Request.
  Time since last request: 0.000038 seconds.
  path: Assets/LEGO/Tutorials/5 Add Enemy/Enemy 41.asset
  artifactKey: Guid(c3d85f9233882214aba0e087de8a0303) Importer(815301076,1909f56bfc062723c751e8b465ee728b)
Start importing Assets/LEGO/Tutorials/5 Add Enemy/Enemy 41.asset using Guid(c3d85f9233882214aba0e087de8a0303) Importer(815301076,1909f56bfc062723c751e8b465ee728b)  -> (artifact id: '0585ee3502468722ccb7dc4b0f1e5d92') in 0.399942 seconds 
========================================================================
Received Import Request.
  Time since last request: 0.000044 seconds.
  path: Assets/LEGO/Tutorials/3 Elevator/Elevator 20.asset
  artifactKey: Guid(a5a1500e6363ce7458d83c86af349121) Importer(815301076,1909f56bfc062723c751e8b465ee728b)
Start importing Assets/LEGO/Tutorials/3 Elevator/Elevator 20.asset using Guid(a5a1500e6363ce7458d83c86af349121) Importer(815301076,1909f56bfc062723c751e8b465ee728b)  -> (artifact id: 'ab8012c126c3c3c5baf575b4038f8583') in 0.379230 seconds 
========================================================================
Received Import Request.
  Time since last request: 0.000070 seconds.
  path: Assets/LEGO/Tutorials/5 Add Enemy/T5S2AddGaloBird.mp4
  artifactKey: Guid(9a3106997c0271a48a1f265fbe950eb8) Importer(815301076,1909f56bfc062723c751e8b465ee728b)
Start importing Assets/LEGO/Tutorials/5 Add Enemy/T5S2AddGaloBird.mp4 using Guid(9a3106997c0271a48a1f265fbe950eb8) Importer(815301076,1909f56bfc062723c751e8b465ee728b)  -> (artifact id: '93c5861bb6ddea2be5dd157114d96dbc') in 0.011302 seconds 
========================================================================
Received Import Request.
  Time since last request: 0.000037 seconds.
  path: Assets/LEGO/Tutorials/3 Elevator/Elevator 10.asset
  artifactKey: Guid(5805b1e2dea4d1e429f5f8e8b7394d32) Importer(815301076,1909f56bfc062723c751e8b465ee728b)
Start importing Assets/LEGO/Tutorials/3 Elevator/Elevator 10.asset using Guid(5805b1e2dea4d1e429f5f8e8b7394d32) Importer(815301076,1909f56bfc062723c751e8b465ee728b)  -> (artifact id: 'b0a9e8a02c66d9ead7f1c33e6b14624c') in 0.394518 seconds 
========================================================================
Received Import Request.
  Time since last request: 0.000046 seconds.
  path: Assets/LEGO/Tutorials/6 Customize/Customize 30.asset
  artifactKey: Guid(4622aefea16e6864f93ed29468bc8288) Importer(815301076,1909f56bfc062723c751e8b465ee728b)
Start importing Assets/LEGO/Tutorials/6 Customize/Customize 30.asset using Guid(4622aefea16e6864f93ed29468bc8288) Importer(815301076,1909f56bfc062723c751e8b465ee728b)  -> (artifact id: '1b227725b81baec0afec29110f973d93') in 0.391139 seconds 
========================================================================
Received Import Request.
  Time since last request: 0.000048 seconds.
  path: Assets/LEGO/Scripts/Game/Unity.LEGO.Game.asmdef
  artifactKey: Guid(ef186c6864b89fc42a04c4836bf9e6b3) Importer(815301076,1909f56bfc062723c751e8b465ee728b)
Start importing Assets/LEGO/Scripts/Game/Unity.LEGO.Game.asmdef using Guid(ef186c6864b89fc42a04c4836bf9e6b3) Importer(815301076,1909f56bfc062723c751e8b465ee728b)  -> (artifact id: 'a961b1f148d62a345619096d7dcc9aa2') in 0.011320 seconds 
========================================================================
Received Import Request.
  Time since last request: 0.000052 seconds.
  path: Assets/LEGO/Tutorials/WelcomeDialogArt.png
  artifactKey: Guid(4c7cbe18ed8044725bafa532fbd5ec8e) Importer(815301076,1909f56bfc062723c751e8b465ee728b)
Start importing Assets/LEGO/Tutorials/WelcomeDialogArt.png using Guid(4c7cbe18ed8044725bafa532fbd5ec8e) Importer(815301076,1909f56bfc062723c751e8b465ee728b)  -> (artifact id: '8b25c5f692d5de5fd44900140479664e') in 0.020827 seconds 
========================================================================
Received Import Request.
  Time since last request: 3.882060 seconds.
  path: Assets/AddOns/MgLEGO Santas Brickshop/Prefabs/LEGO Models/Santa Essentials
  artifactKey: Guid(c28e07a53f18d4d36959484d445edf7f) Importer(815301076,1909f56bfc062723c751e8b465ee728b)
Start importing Assets/AddOns/MgLEGO Santas Brickshop/Prefabs/LEGO Models/Santa Essentials using Guid(c28e07a53f18d4d36959484d445edf7f) Importer(815301076,1909f56bfc062723c751e8b465ee728b)  -> (artifact id: '06dfd707cf34314ff26f44cfb11151b7') in 0.009497 seconds 
========================================================================
Received Import Request.
  Time since last request: 0.056564 seconds.
  path: Assets/AddOns/MgLEGO Santas Brickshop/Prefabs/LEGO Models/Santa Essentials/Candy Cane Small.prefab
  artifactKey: Guid(a0399e4497549448492ac0141808cabc) Importer(815301076,1909f56bfc062723c751e8b465ee728b)
Start importing Assets/AddOns/MgLEGO Santas Brickshop/Prefabs/LEGO Models/Santa Essentials/Candy Cane Small.prefab using Guid(a0399e4497549448492ac0141808cabc) Importer(815301076,1909f56bfc062723c751e8b465ee728b)  -> (artifact id: '00bccd92a1102d7dca96968dc0882441') in 0.051068 seconds 
========================================================================
Received Import Request.
  Time since last request: 0.000032 seconds.
  path: Assets/AddOns/MgLEGO Santas Brickshop/Prefabs/LEGO Models/Santa Essentials/Fireplace.prefab
  artifactKey: Guid(a1ba9519b53d545c4bf9bd7e7d70e4f9) Importer(815301076,1909f56bfc062723c751e8b465ee728b)
Start importing Assets/AddOns/MgLEGO Santas Brickshop/Prefabs/LEGO Models/Santa Essentials/Fireplace.prefab using Guid(a1ba9519b53d545c4bf9bd7e7d70e4f9) Importer(815301076,1909f56bfc062723c751e8b465ee728b)  -> (artifact id: '4d80a29d2f42e077b980a31e46b816cc') in 0.379193 seconds 
========================================================================
Received Import Request.
  Time since last request: 0.000042 seconds.
  path: Assets/AddOns/MgLEGO Santas Brickshop/Prefabs/LEGO Models/Santa Essentials/Present Medium.prefab
  artifactKey: Guid(718a05b6ce2c2424f909f6eeb15073ca) Importer(815301076,1909f56bfc062723c751e8b465ee728b)
Start importing Assets/AddOns/MgLEGO Santas Brickshop/Prefabs/LEGO Models/Santa Essentials/Present Medium.prefab using Guid(718a05b6ce2c2424f909f6eeb15073ca) Importer(815301076,1909f56bfc062723c751e8b465ee728b)  -> (artifact id: '530b4042e3d1bd85821a0ae891097d26') in 0.157315 seconds 
========================================================================
Received Import Request.
  Time since last request: 0.000044 seconds.
  path: Assets/AddOns/MgLEGO Santas Brickshop/Prefabs/LEGO Models/Santa Essentials/Present Large.prefab
  artifactKey: Guid(f454bab2a2d4a4c2f84188e64a195a39) Importer(815301076,1909f56bfc062723c751e8b465ee728b)
Start importing Assets/AddOns/MgLEGO Santas Brickshop/Prefabs/LEGO Models/Santa Essentials/Present Large.prefab using Guid(f454bab2a2d4a4c2f84188e64a195a39) Importer(815301076,1909f56bfc062723c751e8b465ee728b)  -> (artifact id: '033357c1ecdf5a25e097b04276370299') in 0.303846 seconds 
========================================================================
Received Import Request.
  Time since last request: 40.981217 seconds.
  path: Assets/LEGO/Tutorials/4 Win Conditions/4 Win.asset
  artifactKey: Guid(b7322caa293cb714082e260759ed5330) Importer(815301076,1909f56bfc062723c751e8b465ee728b)
Start importing Assets/LEGO/Tutorials/4 Win Conditions/4 Win.asset using Guid(b7322caa293cb714082e260759ed5330) Importer(815301076,1909f56bfc062723c751e8b465ee728b)  -> (artifact id: 'ba0286fd2cffcb871f0e3a1cc8d11ae1') in 0.381451 seconds 
========================================================================
Received Import Request.
  Time since last request: 0.000037 seconds.
  path: Assets/LEGO Data/Materials/Bodies/Leg_L_Side_BrightYellowGreen.mat
  artifactKey: Guid(9c3348c11916f4db3aed1386d5a8bd2e) Importer(815301076,1909f56bfc062723c751e8b465ee728b)
Start importing Assets/LEGO Data/Materials/Bodies/Leg_L_Side_BrightYellowGreen.mat using Guid(9c3348c11916f4db3aed1386d5a8bd2e) Importer(815301076,1909f56bfc062723c751e8b465ee728b)  -> (artifact id: '66ab613f0768ae83e26234f9b8ec1faf') in 0.033374 seconds 
========================================================================
Received Import Request.
  Time since last request: 0.000040 seconds.
  path: Assets/LEGO Data/Materials/Bodies/Leg_L_Side_White.mat
  artifactKey: Guid(a39d2ee2bf4a947369ea27eeda389d09) Importer(815301076,1909f56bfc062723c751e8b465ee728b)
Start importing Assets/LEGO Data/Materials/Bodies/Leg_L_Side_White.mat using Guid(a39d2ee2bf4a947369ea27eeda389d09) Importer(815301076,1909f56bfc062723c751e8b465ee728b)  -> (artifact id: '8a3cf3233ca715b31e09b97e05c0893a') in 0.023547 seconds 
========================================================================
Received Import Request.
  Time since last request: 0.000026 seconds.
  path: Assets/LEGO Data/Materials/Bodies/Leg_R_Front_ReddishBrown.mat
  artifactKey: Guid(b917a7352b2459946a83d7f1c0150eec) Importer(815301076,1909f56bfc062723c751e8b465ee728b)
Start importing Assets/LEGO Data/Materials/Bodies/Leg_R_Front_ReddishBrown.mat using Guid(b917a7352b2459946a83d7f1c0150eec) Importer(815301076,1909f56bfc062723c751e8b465ee728b)  -> (artifact id: '2fa1a3ac15ba7a3b3e5e4ec09e51464f') in 0.030635 seconds 
========================================================================
Received Import Request.
  Time since last request: 0.000043 seconds.
  path: Assets/LEGO Data/Materials/Bodies/Leg_L_Foot_ReddishBrown.mat
  artifactKey: Guid(d2450468e5993864f85498a18f507607) Importer(815301076,1909f56bfc062723c751e8b465ee728b)
Start importing Assets/LEGO Data/Materials/Bodies/Leg_L_Foot_ReddishBrown.mat using Guid(d2450468e5993864f85498a18f507607) Importer(815301076,1909f56bfc062723c751e8b465ee728b)  -> (artifact id: '369339b25c05b9f94c1b727c4e574bc8') in 0.021437 seconds 
========================================================================
Received Import Request.
  Time since last request: 0.000025 seconds.
  path: Assets/LEGO Data/Materials/Bodies/Hip_Crotch_White.mat
  artifactKey: Guid(f33b2e447f7194f98bc8c04a97c67fa4) Importer(815301076,1909f56bfc062723c751e8b465ee728b)
Start importing Assets/LEGO Data/Materials/Bodies/Hip_Crotch_White.mat using Guid(f33b2e447f7194f98bc8c04a97c67fa4) Importer(815301076,1909f56bfc062723c751e8b465ee728b)  -> (artifact id: '2d723a017878e6e1668da00e2a892a55') in 0.030319 seconds 
========================================================================
Received Import Request.
  Time since last request: 0.000029 seconds.
  path: Assets/LEGO/Prefabs/LEGO Models/Characters/Brewer.prefab
  artifactKey: Guid(04d2e5b05d07643b7aff83683668e6e8) Importer(815301076,1909f56bfc062723c751e8b465ee728b)
Start importing Assets/LEGO/Prefabs/LEGO Models/Characters/Brewer.prefab using Guid(04d2e5b05d07643b7aff83683668e6e8) Importer(815301076,1909f56bfc062723c751e8b465ee728b)  -> (artifact id: '628e01d51a184cdddd505b0e118c1e5c') in 0.120661 seconds 
========================================================================
Received Import Request.
  Time since last request: 0.000028 seconds.
  path: Assets/LEGO Data/Materials/Bodies/Hip_Front_White.mat
  artifactKey: Guid(aa8d82a22221b4e559ab8677ec303d7f) Importer(815301076,1909f56bfc062723c751e8b465ee728b)
Start importing Assets/LEGO Data/Materials/Bodies/Hip_Front_White.mat using Guid(aa8d82a22221b4e559ab8677ec303d7f) Importer(815301076,1909f56bfc062723c751e8b465ee728b)  -> (artifact id: '231808d581ae0f848277ea6719850437') in 0.022694 seconds 
========================================================================
Received Import Request.
  Time since last request: 0.000042 seconds.
  path: Assets/LEGO Data/Materials/Bodies/Leg_L_Foot_White.mat
  artifactKey: Guid(736494b2376d548b3b298dc43de2ccf3) Importer(815301076,1909f56bfc062723c751e8b465ee728b)
Start importing Assets/LEGO Data/Materials/Bodies/Leg_L_Foot_White.mat using Guid(736494b2376d548b3b298dc43de2ccf3) Importer(815301076,1909f56bfc062723c751e8b465ee728b)  -> (artifact id: '448e8c4b7922619e66e182f652981e7f') in 0.023373 seconds 
========================================================================
Received Import Request.
  Time since last request: 0.000034 seconds.
  path: Assets/LEGO Data/Materials/Bodies/Leg_R_Foot_BrightYellowGreen.mat
  artifactKey: Guid(35efdf0d207b34b368a804763806645a) Importer(815301076,1909f56bfc062723c751e8b465ee728b)
Start importing Assets/LEGO Data/Materials/Bodies/Leg_R_Foot_BrightYellowGreen.mat using Guid(35efdf0d207b34b368a804763806645a) Importer(815301076,1909f56bfc062723c751e8b465ee728b)  -> (artifact id: '510180978bda3b4b430f79b03857f02a') in 0.020729 seconds 
========================================================================
Received Import Request.
  Time since last request: 0.000032 seconds.
  path: Assets/LEGO/Prefabs/UI/Objective Win.prefab
  artifactKey: Guid(66bfd05a811428e45addf6e9490739f4) Importer(815301076,1909f56bfc062723c751e8b465ee728b)
Start importing Assets/LEGO/Prefabs/UI/Objective Win.prefab using Guid(66bfd05a811428e45addf6e9490739f4) Importer(815301076,1909f56bfc062723c751e8b465ee728b)  -> (artifact id: '5d336f58394f8a85dd1123f5a672de05') in 0.030275 seconds 
========================================================================
Received Import Request.
  Time since last request: 0.000028 seconds.
  path: Assets/AddOns/MgLEGO Santas Brickshop/Textures/Stickers/Mrs Claus Face Win.png
  artifactKey: Guid(e7f4d83cfa9a04d2b8465a3752dcbaad) Importer(815301076,1909f56bfc062723c751e8b465ee728b)
Start importing Assets/AddOns/MgLEGO Santas Brickshop/Textures/Stickers/Mrs Claus Face Win.png using Guid(e7f4d83cfa9a04d2b8465a3752dcbaad) Importer(815301076,1909f56bfc062723c751e8b465ee728b)  -> (artifact id: '4eed47b3f02132c7cc8a27760fe37078') in 0.036002 seconds 
========================================================================
Received Import Request.
  Time since last request: 0.000034 seconds.
  path: Assets/LEGO/Tutorials/4 Win Conditions/Win 40.asset
  artifactKey: Guid(3084ffe3558eeac43b757e0a1a12e6ed) Importer(815301076,1909f56bfc062723c751e8b465ee728b)
Start importing Assets/LEGO/Tutorials/4 Win Conditions/Win 40.asset using Guid(3084ffe3558eeac43b757e0a1a12e6ed) Importer(815301076,1909f56bfc062723c751e8b465ee728b)  -> (artifact id: '466e7a09aa2f18f8761990eeadcec220') in 0.012915 seconds 
========================================================================
Received Import Request.
  Time since last request: 0.000028 seconds.
  path: Assets/LEGO/Materials/LEGO Behaviour Icons/Win Action Side.mat
  artifactKey: Guid(ded2ef47b2cd842238af067566357b3f) Importer(815301076,1909f56bfc062723c751e8b465ee728b)
Start importing Assets/LEGO/Materials/LEGO Behaviour Icons/Win Action Side.mat using Guid(ded2ef47b2cd842238af067566357b3f) Importer(815301076,1909f56bfc062723c751e8b465ee728b)  -> (artifact id: 'ecb230ae2f280ca5ce618777e6253ae2') in 0.020569 seconds 
========================================================================
Received Import Request.
  Time since last request: 0.000024 seconds.
  path: Assets/AddOns/MgLEGO Santas Brickshop/Audio/LEGO Behaviour Bricks/Win - On the Nice List.ogg
  artifactKey: Guid(54c874cc1ad62456e90ac30583d33fd8) Importer(815301076,1909f56bfc062723c751e8b465ee728b)
Start importing Assets/AddOns/MgLEGO Santas Brickshop/Audio/LEGO Behaviour Bricks/Win - On the Nice List.ogg using Guid(54c874cc1ad62456e90ac30583d33fd8) Importer(815301076,1909f56bfc062723c751e8b465ee728b)  -> (artifact id: '59f5111b1a7d694110515232de399cdb') in 0.035885 seconds 
========================================================================
Received Import Request.
  Time since last request: 0.000032 seconds.
  path: Assets/LEGO/Tutorials/4 Win Conditions/Win 26.asset
  artifactKey: Guid(8fd818b8baa42144ba1e1e10758d4f79) Importer(815301076,1909f56bfc062723c751e8b465ee728b)
Start importing Assets/LEGO/Tutorials/4 Win Conditions/Win 26.asset using Guid(8fd818b8baa42144ba1e1e10758d4f79) Importer(815301076,1909f56bfc062723c751e8b465ee728b)  -> (artifact id: '85efd6fbe0fd296e8ffddebf76ce4d8f') in 0.417964 seconds 
========================================================================
Received Import Request.
  Time since last request: 0.000054 seconds.
  path: Assets/LEGO/Tutorials/4 Win Conditions/Win 11.asset
  artifactKey: Guid(c6f09fa1634cd9b4cadf3c2279a4f204) Importer(815301076,1909f56bfc062723c751e8b465ee728b)
Start importing Assets/LEGO/Tutorials/4 Win Conditions/Win 11.asset using Guid(c6f09fa1634cd9b4cadf3c2279a4f204) Importer(815301076,1909f56bfc062723c751e8b465ee728b)  -> (artifact id: '920b174d30b3c3f5728644843e5feda5') in 0.013707 seconds 
========================================================================
Received Import Request.
  Time since last request: 0.000035 seconds.
  path: Assets/LEGO/Tutorials/4 Win Conditions/Win 55.asset
  artifactKey: Guid(48a4b7f1b051de349b84cac98c0ce0cd) Importer(815301076,1909f56bfc062723c751e8b465ee728b)
Start importing Assets/LEGO/Tutorials/4 Win Conditions/Win 55.asset using Guid(48a4b7f1b051de349b84cac98c0ce0cd) Importer(815301076,1909f56bfc062723c751e8b465ee728b)  -> (artifact id: '073c1903a76b4ffbbefe7259832b1ed6') in 0.013180 seconds 
========================================================================
Received Import Request.
  Time since last request: 0.000035 seconds.
  path: Assets/LEGO Data/Geometry/New/LOD0/41854.fbx
  artifactKey: Guid(fd4780100d75b4868ba59acff6db70e1) Importer(815301076,1909f56bfc062723c751e8b465ee728b)
Start importing Assets/LEGO Data/Geometry/New/LOD0/41854.fbx using Guid(fd4780100d75b4868ba59acff6db70e1) Importer(815301076,1909f56bfc062723c751e8b465ee728b)  -> (artifact id: '17774679891da169fdb92bf0fec45ac2') in 0.056126 seconds 
========================================================================
Received Import Request.
  Time since last request: 0.000022 seconds.
  path: Assets/LEGO Data/Materials/Bodies/Hand_BrightYellow.mat
  artifactKey: Guid(19961b088286f4485b88a4f3e0dcb560) Importer(815301076,1909f56bfc062723c751e8b465ee728b)
Start importing Assets/LEGO Data/Materials/Bodies/Hand_BrightYellow.mat using Guid(19961b088286f4485b88a4f3e0dcb560) Importer(815301076,1909f56bfc062723c751e8b465ee728b)  -> (artifact id: '83cf7001b279d093ef559bca3edcf770') in 0.021799 seconds 
========================================================================
Received Import Request.
  Time since last request: 0.000023 seconds.
  path: Assets/LEGO Data/Materials/Bodies/Leg_L_Front_ReddishBrown.mat
  artifactKey: Guid(74061b74dc74a8140a99efd4c6c4574c) Importer(815301076,1909f56bfc062723c751e8b465ee728b)
Start importing Assets/LEGO Data/Materials/Bodies/Leg_L_Front_ReddishBrown.mat using Guid(74061b74dc74a8140a99efd4c6c4574c) Importer(815301076,1909f56bfc062723c751e8b465ee728b)  -> (artifact id: 'cd8509d1506a829c29cc484bf7100853') in 0.030303 seconds 
========================================================================
Received Import Request.
  Time since last request: 0.000025 seconds.
  path: Assets/LEGO Data/Materials/Bodies/Leg_L_Main_White.mat
  artifactKey: Guid(eee80dbaa42054d48997246fe1946647) Importer(815301076,1909f56bfc062723c751e8b465ee728b)
Start importing Assets/LEGO Data/Materials/Bodies/Leg_L_Main_White.mat using Guid(eee80dbaa42054d48997246fe1946647) Importer(815301076,1909f56bfc062723c751e8b465ee728b)  -> (artifact id: '106ebbf745136ae0fff8fa322354cca3') in 0.019245 seconds 
========================================================================
Received Import Request.
  Time since last request: 0.000030 seconds.
  path: Assets/LEGO/Tutorials/4 Win Conditions/Win 45.asset
  artifactKey: Guid(b6caaf9dc4be4b7469192c1ea6168040) Importer(815301076,1909f56bfc062723c751e8b465ee728b)
Start importing Assets/LEGO/Tutorials/4 Win Conditions/Win 45.asset using Guid(b6caaf9dc4be4b7469192c1ea6168040) Importer(815301076,1909f56bfc062723c751e8b465ee728b)  -> (artifact id: '658f14fed8f48544dd1ee6ab1a320a7e') in 0.012112 seconds 
========================================================================
Received Import Request.
  Time since last request: 0.000032 seconds.
  path: Assets/LEGO Data/Materials/Bodies/Wu/Leg_L_Front_Wu.mat
  artifactKey: Guid(422e26e0d0945459bb639760d44ed738) Importer(815301076,1909f56bfc062723c751e8b465ee728b)
Start importing Assets/LEGO Data/Materials/Bodies/Wu/Leg_L_Front_Wu.mat using Guid(422e26e0d0945459bb639760d44ed738) Importer(815301076,1909f56bfc062723c751e8b465ee728b)  -> (artifact id: '3a54cd2ce918eae10df28e8f1edf0d82') in 0.029601 seconds 
========================================================================
Received Import Request.
  Time since last request: 0.000036 seconds.
  path: Assets/LEGO/Prefabs/LEGO Projectiles/Arrow.prefab
  artifactKey: Guid(054cfbc98691e4a7f87913e2bf62d522) Importer(815301076,1909f56bfc062723c751e8b465ee728b)
Start importing Assets/LEGO/Prefabs/LEGO Projectiles/Arrow.prefab using Guid(054cfbc98691e4a7f87913e2bf62d522) Importer(815301076,1909f56bfc062723c751e8b465ee728b)  -> (artifact id: '8d60b83477bba20c0a2a3d6d99a1e879') in 0.047340 seconds 
========================================================================
Received Import Request.
  Time since last request: 0.000024 seconds.
  path: Assets/LEGO Data/Materials/Bodies/Head_White.mat
  artifactKey: Guid(71a462bea9d4b41f5bc81e8296bb1cf2) Importer(815301076,1909f56bfc062723c751e8b465ee728b)
Start importing Assets/LEGO Data/Materials/Bodies/Head_White.mat using Guid(71a462bea9d4b41f5bc81e8296bb1cf2) Importer(815301076,1909f56bfc062723c751e8b465ee728b)  -> (artifact id: 'b39af36a4678c26e85f51c821ad445cb') in 0.022333 seconds 
========================================================================
Received Import Request.
  Time since last request: 0.000025 seconds.
  path: Assets/LEGO Data/Materials/Bodies/Leg_L_Front_White.mat
  artifactKey: Guid(afb1f576924724086819cb1be935588b) Importer(815301076,1909f56bfc062723c751e8b465ee728b)
Start importing Assets/LEGO Data/Materials/Bodies/Leg_L_Front_White.mat using Guid(afb1f576924724086819cb1be935588b) Importer(815301076,1909f56bfc062723c751e8b465ee728b)  -> (artifact id: 'd3e1474eddae0d30957b60ad6e6c8f6b') in 0.024318 seconds 
========================================================================
Received Import Request.
  Time since last request: 0.000023 seconds.
  path: Assets/LEGO/Audio/LEGO Behaviour Bricks/Ambience - Wind.ogg
  artifactKey: Guid(5d969498ade514a91b52f7d6c4cd312f) Importer(815301076,1909f56bfc062723c751e8b465ee728b)
Start importing Assets/LEGO/Audio/LEGO Behaviour Bricks/Ambience - Wind.ogg using Guid(5d969498ade514a91b52f7d6c4cd312f) Importer(815301076,1909f56bfc062723c751e8b465ee728b)  -> (artifact id: '95ab424af6bf1a693f7d4bed37e2a81e') in 0.022169 seconds 
========================================================================
Received Import Request.
  Time since last request: 0.000026 seconds.
  path: Assets/LEGO/Audio/LEGO Behaviour Bricks/Win - Wuhuuu.ogg
  artifactKey: Guid(fa48be10d21504b7a88460b3312e6e08) Importer(815301076,1909f56bfc062723c751e8b465ee728b)
Start importing Assets/LEGO/Audio/LEGO Behaviour Bricks/Win - Wuhuuu.ogg using Guid(fa48be10d21504b7a88460b3312e6e08) Importer(815301076,1909f56bfc062723c751e8b465ee728b)  -> (artifact id: '4a7b8f4720b2e2116eb4e594dec04d02') in 0.018417 seconds 
========================================================================
Received Import Request.
  Time since last request: 0.000032 seconds.
  path: Assets/LEGO/Tutorials/4 Win Conditions/WT-Select-Win-Action-Brick.mov
  artifactKey: Guid(73fcf98d1de4b4cd28bcea3c0a6edfb4) Importer(815301076,1909f56bfc062723c751e8b465ee728b)
Start importing Assets/LEGO/Tutorials/4 Win Conditions/WT-Select-Win-Action-Brick.mov using Guid(73fcf98d1de4b4cd28bcea3c0a6edfb4) Importer(815301076,1909f56bfc062723c751e8b465ee728b)  -> (artifact id: 'f86e7b0de1dd550b29f2df85927800f0') in 0.011838 seconds 
========================================================================
Received Import Request.
  Time since last request: 0.000033 seconds.
  path: Assets/LEGO Data/Materials/Bodies/Leg_L_Main_BrightYellowGreen.mat
  artifactKey: Guid(7df8903f68b6b4ebebf311f93d2bee8a) Importer(815301076,1909f56bfc062723c751e8b465ee728b)
Start importing Assets/LEGO Data/Materials/Bodies/Leg_L_Main_BrightYellowGreen.mat using Guid(7df8903f68b6b4ebebf311f93d2bee8a) Importer(815301076,1909f56bfc062723c751e8b465ee728b)  -> (artifact id: '65f467f51af8146b8f0b37f37ddf5a5f') in 0.021414 seconds 
========================================================================
Received Import Request.
  Time since last request: 0.000031 seconds.
  path: Assets/LEGO/Audio/LEGO Behaviour Bricks/Win - And The Crowd Goes Nuts.ogg
  artifactKey: Guid(b8b74a9f3dec04fd9b4dc0c90e528490) Importer(815301076,1909f56bfc062723c751e8b465ee728b)
Start importing Assets/LEGO/Audio/LEGO Behaviour Bricks/Win - And The Crowd Goes Nuts.ogg using Guid(b8b74a9f3dec04fd9b4dc0c90e528490) Importer(815301076,1909f56bfc062723c751e8b465ee728b)  -> (artifact id: 'b806d31bcb34a5ed86403ed4bab5c737') in 0.017310 seconds 
========================================================================
Received Import Request.
  Time since last request: 0.000041 seconds.
  path: Assets/LEGO/Tutorials/6 Customize/6_fenceInWay.mp4
  artifactKey: Guid(fe854e9c53b80421ba6634be9fc1e4c7) Importer(815301076,1909f56bfc062723c751e8b465ee728b)
Start importing Assets/LEGO/Tutorials/6 Customize/6_fenceInWay.mp4 using Guid(fe854e9c53b80421ba6634be9fc1e4c7) Importer(815301076,1909f56bfc062723c751e8b465ee728b)  -> (artifact id: 'f7dd703a9cb662466306e5665140548e') in 0.011088 seconds 
========================================================================
Received Import Request.
  Time since last request: 0.000032 seconds.
  path: Assets/LEGO Data/Materials/Bodies/Leg_L_Side_NewDarkRed.mat
  artifactKey: Guid(a094ed6ea4ebc4a9a910ca01e0a2bfe2) Importer(815301076,1909f56bfc062723c751e8b465ee728b)
Start importing Assets/LEGO Data/Materials/Bodies/Leg_L_Side_NewDarkRed.mat using Guid(a094ed6ea4ebc4a9a910ca01e0a2bfe2) Importer(815301076,1909f56bfc062723c751e8b465ee728b)  -> (artifact id: 'f03a26d60295f4c6483d6a92f90e529e') in 0.022196 seconds 
========================================================================
Received Import Request.
  Time since last request: 0.000029 seconds.
  path: Assets/LEGO Data/Materials/Bodies/Hand_NewDarkRed.mat
  artifactKey: Guid(51d75511baf4b4bf4ab2367db9ba8d6d) Importer(815301076,1909f56bfc062723c751e8b465ee728b)
Start importing Assets/LEGO Data/Materials/Bodies/Hand_NewDarkRed.mat using Guid(51d75511baf4b4bf4ab2367db9ba8d6d) Importer(815301076,1909f56bfc062723c751e8b465ee728b)  -> (artifact id: '6d955ed0f1095a0fcc7e163fd112602d') in 0.024449 seconds 
========================================================================
Received Import Request.
  Time since last request: 0.000043 seconds.
  path: Assets/AddOns/MgLEGO Gingerbricks Revenge/Materials/Particles/Candy Snow.mat
  artifactKey: Guid(fcfbc05b964304dd58c0fd595a30ea22) Importer(815301076,1909f56bfc062723c751e8b465ee728b)
Start importing Assets/AddOns/MgLEGO Gingerbricks Revenge/Materials/Particles/Candy Snow.mat using Guid(fcfbc05b964304dd58c0fd595a30ea22) Importer(815301076,1909f56bfc062723c751e8b465ee728b)  -> (artifact id: '6b8c4fe2b8661b86d0a9b7f1504b696f') in 0.021809 seconds 
========================================================================
Received Import Request.
  Time since last request: 0.000044 seconds.
  path: Assets/LEGO/Tutorials/4 Win Conditions/Win 15.asset
  artifactKey: Guid(a7f63713e6139c14dabf8fdd6a2557cd) Importer(815301076,1909f56bfc062723c751e8b465ee728b)
Start importing Assets/LEGO/Tutorials/4 Win Conditions/Win 15.asset using Guid(a7f63713e6139c14dabf8fdd6a2557cd) Importer(815301076,1909f56bfc062723c751e8b465ee728b)  -> (artifact id: 'a2548145022ccd2557a1b29f062adb45') in 0.380849 seconds 
========================================================================
Received Import Request.
  Time since last request: 0.000054 seconds.
  path: Assets/LEGO/Prefabs/LEGO Models/Plants/Flowers.prefab
  artifactKey: Guid(a2ae65e677db2464facf7097a46294c4) Importer(815301076,1909f56bfc062723c751e8b465ee728b)
Start importing Assets/LEGO/Prefabs/LEGO Models/Plants/Flowers.prefab using Guid(a2ae65e677db2464facf7097a46294c4) Importer(815301076,1909f56bfc062723c751e8b465ee728b)  -> (artifact id: '7112cc4621342ab8b5756f590826c01b') in 0.070757 seconds 
========================================================================
Received Import Request.
  Time since last request: 0.000041 seconds.
  path: Assets/LEGO/Tutorials/4 Win Conditions/win_Tutorial.png
  artifactKey: Guid(2430912d3541546c19cce361749f8319) Importer(815301076,1909f56bfc062723c751e8b465ee728b)
Start importing Assets/LEGO/Tutorials/4 Win Conditions/win_Tutorial.png using Guid(2430912d3541546c19cce361749f8319) Importer(815301076,1909f56bfc062723c751e8b465ee728b)  -> (artifact id: '0288e507991432a44853d63d8f876f9d') in 0.020893 seconds 
========================================================================
Received Import Request.
  Time since last request: 0.000040 seconds.
  path: Assets/LEGO/Audio/LEGO Behaviour Bricks/Win - Wahahaa.ogg
  artifactKey: Guid(9fccdaa6734c5494eb35e6f0ccd725a6) Importer(815301076,1909f56bfc062723c751e8b465ee728b)
Start importing Assets/LEGO/Audio/LEGO Behaviour Bricks/Win - Wahahaa.ogg using Guid(9fccdaa6734c5494eb35e6f0ccd725a6) Importer(815301076,1909f56bfc062723c751e8b465ee728b)  -> (artifact id: 'd8b23fe23844abc644e9e9a487289287') in 0.019140 seconds 
========================================================================
Received Import Request.
  Time since last request: 0.000033 seconds.
  path: Assets/LEGO Data/Materials/Bodies/Leg_R_Foot_ReddishBrown.mat
  artifactKey: Guid(83b4c7e7856380243983a494db266cd5) Importer(815301076,1909f56bfc062723c751e8b465ee728b)
Start importing Assets/LEGO Data/Materials/Bodies/Leg_R_Foot_ReddishBrown.mat using Guid(83b4c7e7856380243983a494db266cd5) Importer(815301076,1909f56bfc062723c751e8b465ee728b)  -> (artifact id: '56a98fdda9770f08bde65ff2724312cf') in 0.022355 seconds 
========================================================================
Received Import Request.
  Time since last request: 0.000029 seconds.
  path: Assets/LEGO/Tutorials/4 Win Conditions/Win 81.asset
  artifactKey: Guid(83c3fde86ae2ab14795295af7e3e5fd7) Importer(815301076,1909f56bfc062723c751e8b465ee728b)
Start importing Assets/LEGO/Tutorials/4 Win Conditions/Win 81.asset using Guid(83c3fde86ae2ab14795295af7e3e5fd7) Importer(815301076,1909f56bfc062723c751e8b465ee728b)  -> (artifact id: '159d1b004e89331e32c1f0049954589e') in 0.366798 seconds 
========================================================================
Received Import Request.
  Time since last request: 10.081596 seconds.
  path: Assets/LEGO/Prefabs/LEGO Minifigs/Astronaut.prefab
  artifactKey: Guid(1f174dd798c1d408a9b88ca831df4ac4) Importer(815301076,1909f56bfc062723c751e8b465ee728b)
Start importing Assets/LEGO/Prefabs/LEGO Minifigs/Astronaut.prefab using Guid(1f174dd798c1d408a9b88ca831df4ac4) Importer(815301076,1909f56bfc062723c751e8b465ee728b)  -> (artifact id: '717c23abb2f9e7e9f9a80fb7578b04fc') in 0.729640 seconds 
========================================================================
Received Import Request.
  Time since last request: 0.000036 seconds.
  path: Assets/LEGO Data/Materials/Bodies/Leg_L_Main_BrightRed.mat
  artifactKey: Guid(d1bac3604f0c84cbfaa62db5cd165ae9) Importer(815301076,1909f56bfc062723c751e8b465ee728b)
Start importing Assets/LEGO Data/Materials/Bodies/Leg_L_Main_BrightRed.mat using Guid(d1bac3604f0c84cbfaa62db5cd165ae9) Importer(815301076,1909f56bfc062723c751e8b465ee728b)  -> (artifact id: '788d182583d0f1f30d1888869fc98844') in 0.029871 seconds 
========================================================================
Received Import Request.
  Time since last request: 0.000041 seconds.
  path: Assets/LEGO/Prefabs/LEGO Behaviour Bricks/Nearby Trigger.prefab
  artifactKey: Guid(5073354b3112c48619a5a0a18f938ee7) Importer(815301076,1909f56bfc062723c751e8b465ee728b)
Start importing Assets/LEGO/Prefabs/LEGO Behaviour Bricks/Nearby Trigger.prefab using Guid(5073354b3112c48619a5a0a18f938ee7) Importer(815301076,1909f56bfc062723c751e8b465ee728b)  -> (artifact id: '669cd0cb59d1181b4afa403c8749020c') in 0.026745 seconds 
========================================================================
Received Import Request.
  Time since last request: 0.000031 seconds.
  path: Assets/LEGO Data/Materials/HatsAndHair/m18927_BrightRed_N.mat
  artifactKey: Guid(10d4c6da538e94f3a9e4346efdd59892) Importer(815301076,1909f56bfc062723c751e8b465ee728b)
Start importing Assets/LEGO Data/Materials/HatsAndHair/m18927_BrightRed_N.mat using Guid(10d4c6da538e94f3a9e4346efdd59892) Importer(815301076,1909f56bfc062723c751e8b465ee728b)  -> (artifact id: '0b50ba45b73b03dc16b914189c690bd6') in 0.033579 seconds 
========================================================================
Received Import Request.
  Time since last request: 0.000032 seconds.
  path: Assets/LEGO Data/Materials/Bodies/Leg_R_Main_BrightRed.mat
  artifactKey: Guid(b7ccd953030504298b82b91c8d7dc682) Importer(815301076,1909f56bfc062723c751e8b465ee728b)
Start importing Assets/LEGO Data/Materials/Bodies/Leg_R_Main_BrightRed.mat using Guid(b7ccd953030504298b82b91c8d7dc682) Importer(815301076,1909f56bfc062723c751e8b465ee728b)  -> (artifact id: '21a69feaa03029f25ee1793c98a8135b') in 0.030595 seconds 
========================================================================
Received Import Request.
  Time since last request: 0.000035 seconds.
  path: Assets/LEGO/Prefabs/LEGO Minifigs/One Button Astronaut.prefab
  artifactKey: Guid(a406d8b47c897e64ab2237997389da83) Importer(815301076,1909f56bfc062723c751e8b465ee728b)
Start importing Assets/LEGO/Prefabs/LEGO Minifigs/One Button Astronaut.prefab using Guid(a406d8b47c897e64ab2237997389da83) Importer(815301076,1909f56bfc062723c751e8b465ee728b)  -> (artifact id: '86b9dba4858e00f38eca9ee3e3f5f786') in 0.172490 seconds 
========================================================================
Received Import Request.
  Time since last request: 0.000051 seconds.
  path: Assets/LEGO Data/Materials/Bodies/Hip_Main_BrightRed.mat
  artifactKey: Guid(e8c37eed2fabf46b7a89810e84ae2fbf) Importer(815301076,1909f56bfc062723c751e8b465ee728b)
Start importing Assets/LEGO Data/Materials/Bodies/Hip_Main_BrightRed.mat using Guid(e8c37eed2fabf46b7a89810e84ae2fbf) Importer(815301076,1909f56bfc062723c751e8b465ee728b)  -> (artifact id: 'dc73d734ae9c86e7ae23be7f1059e15c') in 0.031910 seconds 
========================================================================
Received Import Request.
  Time since last request: 0.000041 seconds.
  path: Assets/LEGO/Textures/LEGO Behaviour Icons/Input Trigger Side.png
  artifactKey: Guid(fb691fd0fe88a409ca83522a138ef863) Importer(815301076,1909f56bfc062723c751e8b465ee728b)
Start importing Assets/LEGO/Textures/LEGO Behaviour Icons/Input Trigger Side.png using Guid(fb691fd0fe88a409ca83522a138ef863) Importer(815301076,1909f56bfc062723c751e8b465ee728b)  -> (artifact id: '903c48d9bee2cfd79d09d69b9844af68') in 0.020248 seconds 
========================================================================
Received Import Request.
  Time since last request: 0.000092 seconds.
  path: Assets/LEGO Data/Materials/Bodies/Leg_L_Side_BrightRed.mat
  artifactKey: Guid(ce72ae15641b047db840a79dd281777a) Importer(815301076,1909f56bfc062723c751e8b465ee728b)
Start importing Assets/LEGO Data/Materials/Bodies/Leg_L_Side_BrightRed.mat using Guid(ce72ae15641b047db840a79dd281777a) Importer(815301076,1909f56bfc062723c751e8b465ee728b)  -> (artifact id: '6a93a15a06e385fbfa971ef22561f2f0') in 0.034622 seconds 
========================================================================
Received Import Request.
  Time since last request: 0.000032 seconds.
  path: Assets/LEGO Data/Materials/HatsAndHair/m53980_BrightRed_N.mat
  artifactKey: Guid(d191a80c9fdf94b9b92418ca7b5572d0) Importer(815301076,1909f56bfc062723c751e8b465ee728b)
Start importing Assets/LEGO Data/Materials/HatsAndHair/m53980_BrightRed_N.mat using Guid(d191a80c9fdf94b9b92418ca7b5572d0) Importer(815301076,1909f56bfc062723c751e8b465ee728b)  -> (artifact id: 'fe2440d0d936b17187ece77596f0c2de') in 0.032893 seconds 
========================================================================
Received Import Request.
  Time since last request: 0.000031 seconds.
  path: Assets/LEGO/Textures/LEGO Behaviour Icons/Nearby Trigger Side.png
  artifactKey: Guid(d7d92c0b6f46943bf9ae1ebef29938ad) Importer(815301076,1909f56bfc062723c751e8b465ee728b)
Start importing Assets/LEGO/Textures/LEGO Behaviour Icons/Nearby Trigger Side.png using Guid(d7d92c0b6f46943bf9ae1ebef29938ad) Importer(815301076,1909f56bfc062723c751e8b465ee728b)  -> (artifact id: '18f8afe43615cd7f23ff3a5ffa5b51dd') in 0.019704 seconds 
========================================================================
Received Import Request.
  Time since last request: 0.000029 seconds.
  path: Assets/LEGO Data/Materials/Bodies/Leg_L_Front_BrightRed.mat
  artifactKey: Guid(65defd6b719cd4d2cbce8a9df5d7ca80) Importer(815301076,1909f56bfc062723c751e8b465ee728b)
Start importing Assets/LEGO Data/Materials/Bodies/Leg_L_Front_BrightRed.mat using Guid(65defd6b719cd4d2cbce8a9df5d7ca80) Importer(815301076,1909f56bfc062723c751e8b465ee728b)  -> (artifact id: '81a217856c00dd7328a8113309a68383') in 0.031467 seconds 
========================================================================
Received Import Request.
  Time since last request: 0.000037 seconds.
  path: Assets/LEGO Data/Materials/HatsAndHair/m26007_BrightRed.mat
  artifactKey: Guid(e0d7ea0c097ac473089134b1a1f52bee) Importer(815301076,1909f56bfc062723c751e8b465ee728b)
Start importing Assets/LEGO Data/Materials/HatsAndHair/m26007_BrightRed.mat using Guid(e0d7ea0c097ac473089134b1a1f52bee) Importer(815301076,1909f56bfc062723c751e8b465ee728b)  -> (artifact id: '7db040bc280eebda0c5576f3c0fb459f') in 0.031034 seconds 
========================================================================
Received Import Request.
  Time since last request: 0.000036 seconds.
  path: Assets/LEGO Data/Materials/Bodies/Hip_Crotch_BrightRed.mat
  artifactKey: Guid(130f58659a23b4041a03465b0b09614f) Importer(815301076,1909f56bfc062723c751e8b465ee728b)
Start importing Assets/LEGO Data/Materials/Bodies/Hip_Crotch_BrightRed.mat using Guid(130f58659a23b4041a03465b0b09614f) Importer(815301076,1909f56bfc062723c751e8b465ee728b)  -> (artifact id: '9f166338c2f2371ef78e9bc1c11b6c89') in 0.029706 seconds 
========================================================================
Received Import Request.
  Time since last request: 1.009673 seconds.
  path: Assets/LEGO/Prefabs/LEGO Behaviour Bricks/Pickup Trigger.prefab
  artifactKey: Guid(4b2cfe96b53144070b342371e0a54a06) Importer(815301076,1909f56bfc062723c751e8b465ee728b)
Start importing Assets/LEGO/Prefabs/LEGO Behaviour Bricks/Pickup Trigger.prefab using Guid(4b2cfe96b53144070b342371e0a54a06) Importer(815301076,1909f56bfc062723c751e8b465ee728b)  -> (artifact id: 'e0212a6415d7c133f4cf5adae61b725c') in 0.029131 seconds 
========================================================================
Received Import Request.
  Time since last request: 0.000029 seconds.
  path: Assets/LEGO/Textures/LEGO Behaviour Icons/Random Trigger Side.png
  artifactKey: Guid(5788bea8273864482903d5766b499bb4) Importer(815301076,1909f56bfc062723c751e8b465ee728b)
Start importing Assets/LEGO/Textures/LEGO Behaviour Icons/Random Trigger Side.png using Guid(5788bea8273864482903d5766b499bb4) Importer(815301076,1909f56bfc062723c751e8b465ee728b)  -> (artifact id: 'b827466d41a41e3cc3f0a89781e91827') in 0.016934 seconds 
========================================================================
Received Import Request.
  Time since last request: 0.000039 seconds.
  path: Assets/LEGO/Materials/LEGO Behaviour Icons/Random Trigger Side.mat
  artifactKey: Guid(6a1b9acdb46854395a28a77195673513) Importer(815301076,1909f56bfc062723c751e8b465ee728b)
Start importing Assets/LEGO/Materials/LEGO Behaviour Icons/Random Trigger Side.mat using Guid(6a1b9acdb46854395a28a77195673513) Importer(815301076,1909f56bfc062723c751e8b465ee728b)  -> (artifact id: 'f45f18eb5f0bd37769c41cbcae0957ce') in 0.019306 seconds 
========================================================================
Received Import Request.
  Time since last request: 0.000052 seconds.
  path: Assets/LEGO/Textures/LEGO Behaviour Icons/Touch Trigger Side.png
  artifactKey: Guid(ba658ad257bac4bb0b03042b0b68b67c) Importer(815301076,1909f56bfc062723c751e8b465ee728b)
Start importing Assets/LEGO/Textures/LEGO Behaviour Icons/Touch Trigger Side.png using Guid(ba658ad257bac4bb0b03042b0b68b67c) Importer(815301076,1909f56bfc062723c751e8b465ee728b)  -> (artifact id: '3008b6056bba96b83cd6944ecbbfdb38') in 0.019884 seconds 
========================================================================
Received Import Request.
  Time since last request: 0.000037 seconds.
  path: Assets/LEGO/Tutorials/4 Win Conditions/T4S6_pickuptrigger.mp4
  artifactKey: Guid(e2d7d75f253a46e48ba5103a0b2382a9) Importer(815301076,1909f56bfc062723c751e8b465ee728b)
Start importing Assets/LEGO/Tutorials/4 Win Conditions/T4S6_pickuptrigger.mp4 using Guid(e2d7d75f253a46e48ba5103a0b2382a9) Importer(815301076,1909f56bfc062723c751e8b465ee728b)  -> (artifact id: 'b9cd75e56d6139b3366e91f86373e175') in 0.010753 seconds 
========================================================================
Received Import Request.
  Time since last request: 0.000041 seconds.
  path: Assets/LEGO/Materials/LEGO Behaviour Icons/Timer Trigger Side.mat
  artifactKey: Guid(b7e5bb6c489f14eb0bb12454f18fd97f) Importer(815301076,1909f56bfc062723c751e8b465ee728b)
Start importing Assets/LEGO/Materials/LEGO Behaviour Icons/Timer Trigger Side.mat using Guid(b7e5bb6c489f14eb0bb12454f18fd97f) Importer(815301076,1909f56bfc062723c751e8b465ee728b)  -> (artifact id: '2aae8ece8c04a9ad68526654bedf936d') in 0.020184 seconds 
========================================================================
Received Import Request.
  Time since last request: 0.000054 seconds.
  path: Assets/LEGO/Prefabs/LEGO Behaviour Bricks/Random Trigger.prefab
  artifactKey: Guid(02e3db666d57540848263b70239df2a9) Importer(815301076,1909f56bfc062723c751e8b465ee728b)
Start importing Assets/LEGO/Prefabs/LEGO Behaviour Bricks/Random Trigger.prefab using Guid(02e3db666d57540848263b70239df2a9) Importer(815301076,1909f56bfc062723c751e8b465ee728b)  -> (artifact id: '638ee259af53d84b07b239e3cb192610') in 0.028481 seconds 
========================================================================
Received Import Request.
  Time since last request: 0.000041 seconds.
  path: Assets/LEGO/Textures/LEGO Behaviour Icons/Pickup Trigger Side.png
  artifactKey: Guid(4f31f2bdf47b348ab877f59cac7ca0ea) Importer(815301076,1909f56bfc062723c751e8b465ee728b)
Start importing Assets/LEGO/Textures/LEGO Behaviour Icons/Pickup Trigger Side.png using Guid(4f31f2bdf47b348ab877f59cac7ca0ea) Importer(815301076,1909f56bfc062723c751e8b465ee728b)  -> (artifact id: '792a6cad556455e8a44a8a7c17565d4e') in 0.016465 seconds 
========================================================================
Received Import Request.
  Time since last request: 0.000026 seconds.
  path: Assets/LEGO/Prefabs/LEGO Behaviour Bricks/Touch Trigger.prefab
  artifactKey: Guid(45a9e243fd71443c68c6819cdcac03de) Importer(815301076,1909f56bfc062723c751e8b465ee728b)
Start importing Assets/LEGO/Prefabs/LEGO Behaviour Bricks/Touch Trigger.prefab using Guid(45a9e243fd71443c68c6819cdcac03de) Importer(815301076,1909f56bfc062723c751e8b465ee728b)  -> (artifact id: 'a6162263a33de4242c7b8fbcd3bf7cd3') in 0.029059 seconds 
Editor requested this worker to shutdown with reason: Scaling down because of idle timeout
AssetImportWorker is now disconnected from the server
Process exiting
Exiting without the bug reporter. Application will terminate with return code 0